DEPRECATION WARNING: config.action_view.debug_rjs will be removed in 3.1, from 3.1 onwards you will need to install prototype-rails to continue to use RJS templates . (called from service at /usr/local/lib/ruby/1.8/webrick/httpserver.rb:104)


Started GET "/" for 192.168.1.4 at Sun Sep 04 18:02:38 +0300 2011

Errno::ENOENT (No such file or directory - /home/user/RailsApps/HelloWorldTests/config/database.yml):
  

Rendered /usr/local/lib/ruby/gems/1.8/gems/actionpack-3.0.9/lib/action_dispatch/middleware/templates/rescues/_trace.erb (1.0ms)
Rendered /usr/local/lib/ruby/gems/1.8/gems/actionpack-3.0.9/lib/action_dispatch/middleware/templates/rescues/_request_and_response.erb (2.1ms)
Rendered /usr/local/lib/ruby/gems/1.8/gems/actionpack-3.0.9/lib/action_dispatch/middleware/templates/rescues/diagnostics.erb within rescues/layout (7.4ms)
DEPRECATION WARNING: config.action_view.debug_rjs will be removed in 3.1, from 3.1 onwards you will need to install prototype-rails to continue to use RJS templates . (called from service at /usr/local/lib/ruby/1.8/webrick/httpserver.rb:104)


Started GET "/" for 192.168.1.4 at Sun Sep 04 18:04:12 +0300 2011
  Processing by HomeController#index as HTML
Rendered home/index.html.erb within layouts/application (8.7ms)
Completed 500 Internal Server Error in 13ms

ActionView::Template::Error (undefined local variable or method `svetik_home_path' for #<#<Class:0xb7285188>:0xb7281628>):
    1: <h1 align="center">Home#index</h1>
    2: <p><%= link_to "Svetik Home", svetik_home_path %></p>
    3: <p><%= link_to "Say Hello", say_hello_path %></p>
    4: <p><%= link_to "Say Goodbye", say_goodbye_path %></p>
    5: <p><%= link_to "My Test Scaffold", my_test_scaffolds_path %></p>
  app/views/home/index.html.erb:2:in `_app_views_home_index_html_erb___295815960__611059108_0'

Rendered /usr/local/lib/ruby/gems/1.8/gems/actionpack-3.0.9/lib/action_dispatch/middleware/templates/rescues/_trace.erb (1.3ms)
Rendered /usr/local/lib/ruby/gems/1.8/gems/actionpack-3.0.9/lib/action_dispatch/middleware/templates/rescues/_request_and_response.erb (3.9ms)
Rendered /usr/local/lib/ruby/gems/1.8/gems/actionpack-3.0.9/lib/action_dispatch/middleware/templates/rescues/template_error.erb within rescues/layout (9.5ms)


Started GET "/" for 192.168.1.4 at Sun Sep 04 18:04:48 +0300 2011
  Processing by HomeController#index as HTML
Rendered home/index.html.erb within layouts/application (6.0ms)
Completed 500 Internal Server Error in 16ms

ActionView::Template::Error (undefined local variable or method `svetik_home_path' for #<#<Class:0xb5f5d790>:0xb5f5c96c>):
    1: <h1 align="center">Home#index</h1>
    2: <p><%= link_to "Svetik Home", svetik_home_path %></p>
    3: <p><%= link_to "Say Hello", say_hello_path %></p>
    4: <p><%= link_to "Say Goodbye", say_goodbye_path %></p>
    5: <p><%= link_to "My Test Scaffold", my_test_scaffolds_path %></p>
  app/views/home/index.html.erb:2:in `_app_views_home_index_html_erb___295815960__621093308_0'

Rendered /usr/local/lib/ruby/gems/1.8/gems/actionpack-3.0.9/lib/action_dispatch/middleware/templates/rescues/_trace.erb (1.1ms)
Rendered /usr/local/lib/ruby/gems/1.8/gems/actionpack-3.0.9/lib/action_dispatch/middleware/templates/rescues/_request_and_response.erb (3.5ms)
Rendered /usr/local/lib/ruby/gems/1.8/gems/actionpack-3.0.9/lib/action_dispatch/middleware/templates/rescues/template_error.erb within rescues/layout (8.5ms)
DEPRECATION WARNING: config.action_view.debug_rjs will be removed in 3.1, from 3.1 onwards you will need to install prototype-rails to continue to use RJS templates . (called from service at /usr/local/lib/ruby/1.8/webrick/httpserver.rb:104)


Started GET "/" for 192.168.1.4 at Sun Sep 04 18:05:42 +0300 2011
  Processing by HomeController#index as HTML
Rendered home/index.html.erb within layouts/application (8.2ms)
Completed 500 Internal Server Error in 13ms

ActionView::Template::Error (undefined local variable or method `svetik_home_path' for #<#<Class:0xb740f01c>:0xb740c9d4>):
    1: <h1 align="center">Home#index</h1>
    2: <!--<p><%= link_to "Svetik Home", svetik_home_path %></p>
    3: <p><%= link_to "Say Hello", say_hello_path %></p>
    4: <p><%= link_to "Say Goodbye", say_goodbye_path %></p>
    5: <p><%= link_to "My Test Scaffold", my_test_scaffolds_path %></p>
  app/views/home/index.html.erb:2:in `_app_views_home_index_html_erb___295815960__610252488_0'

Rendered /usr/local/lib/ruby/gems/1.8/gems/actionpack-3.0.9/lib/action_dispatch/middleware/templates/rescues/_trace.erb (1.2ms)
Rendered /usr/local/lib/ruby/gems/1.8/gems/actionpack-3.0.9/lib/action_dispatch/middleware/templates/rescues/_request_and_response.erb (3.8ms)
Rendered /usr/local/lib/ruby/gems/1.8/gems/actionpack-3.0.9/lib/action_dispatch/middleware/templates/rescues/template_error.erb within rescues/layout (9.1ms)


Started GET "/" for 192.168.1.4 at Sun Sep 04 18:06:12 +0300 2011
  Processing by HomeController#index as HTML
Rendered home/index.html.erb within layouts/application (2.1ms)
Completed 200 OK in 7ms (Views: 6.8ms | ActiveRecord: 0.0ms)


Started GET "/svetik" for 192.168.1.4 at Sun Sep 04 18:06:31 +0300 2011

ActionController::RoutingError (No route matches "/svetik"):
  

Rendered /usr/local/lib/ruby/gems/1.8/gems/actionpack-3.0.9/lib/action_dispatch/middleware/templates/rescues/routing_error.erb within rescues/layout (1.0ms)


Started GET "/svetik/home" for 192.168.1.4 at Sun Sep 04 18:06:31 +0300 2011

ActionController::RoutingError (No route matches "/svetik/home"):
  

Rendered /usr/local/lib/ruby/gems/1.8/gems/actionpack-3.0.9/lib/action_dispatch/middleware/templates/rescues/routing_error.erb within rescues/layout (0.9ms)


Started GET "/say/hello" for 192.168.1.4 at Sun Sep 04 18:07:03 +0300 2011

ActionController::RoutingError (No route matches "/say/hello"):
  

Rendered /usr/local/lib/ruby/gems/1.8/gems/actionpack-3.0.9/lib/action_dispatch/middleware/templates/rescues/routing_error.erb within rescues/layout (0.9ms)
DEPRECATION WARNING: config.action_view.debug_rjs will be removed in 3.1, from 3.1 onwards you will need to install prototype-rails to continue to use RJS templates . (called from service at /usr/local/lib/ruby/1.8/webrick/httpserver.rb:104)


Started GET "/say/hello" for 192.168.1.4 at Sun Sep 04 18:08:09 +0300 2011

ActionController::RoutingError (No route matches "/say/hello"):
  

Rendered /usr/local/lib/ruby/gems/1.8/gems/actionpack-3.0.9/lib/action_dispatch/middleware/templates/rescues/routing_error.erb within rescues/layout (0.8ms)
DEPRECATION WARNING: config.action_view.debug_rjs will be removed in 3.1, from 3.1 onwards you will need to install prototype-rails to continue to use RJS templates . (called from service at /usr/local/lib/ruby/1.8/webrick/httpserver.rb:104)


Started GET "/say/hello" for 192.168.1.4 at Sun Sep 04 18:12:26 +0300 2011
  Processing by SayController#hello as HTML
Rendered say/hello.html.erb within layouts/application (12.1ms)
Completed 500 Internal Server Error in 18ms

ActionView::Template::Error (undefined local variable or method `say_goodbye_path' for #<#<Class:0xb743dd04>:0xb7439d58>):
    3: <p>It's <%= Time.now %></p>
    4: OR
    5: <p>It's <%= @timenow %></p>
    6: <p>Say goodbey <%= link_to "here", say_goodbye_path %>.</p>
    7: <p>
    8:   Files: <br/><% @files.each do |f| %>
    9:     &nbsp;&nbsp;<%= f %><br>
  app/views/say/hello.html.erb:6:in `_app_views_say_hello_html_erb__439456229__610173608_0'

Rendered /usr/local/lib/ruby/gems/1.8/gems/actionpack-3.0.9/lib/action_dispatch/middleware/templates/rescues/_trace.erb (1.1ms)
Rendered /usr/local/lib/ruby/gems/1.8/gems/actionpack-3.0.9/lib/action_dispatch/middleware/templates/rescues/_request_and_response.erb (5.1ms)
Rendered /usr/local/lib/ruby/gems/1.8/gems/actionpack-3.0.9/lib/action_dispatch/middleware/templates/rescues/template_error.erb within rescues/layout (10.6ms)
DEPRECATION WARNING: config.action_view.debug_rjs will be removed in 3.1, from 3.1 onwards you will need to install prototype-rails to continue to use RJS templates . (called from service at /usr/local/lib/ruby/1.8/webrick/httpserver.rb:104)


Started GET "/say/hello" for 192.168.1.4 at Sun Sep 04 18:15:49 +0300 2011

ActionController::RoutingError (No route matches "/say/hello"):
  

Rendered /usr/local/lib/ruby/gems/1.8/gems/actionpack-3.0.9/lib/action_dispatch/middleware/templates/rescues/routing_error.erb within rescues/layout (0.8ms)


Started GET "/say/hello" for 192.168.1.4 at Sun Sep 04 18:16:07 +0300 2011

ActionController::RoutingError (No route matches "/say/hello"):
  

Rendered /usr/local/lib/ruby/gems/1.8/gems/actionpack-3.0.9/lib/action_dispatch/middleware/templates/rescues/routing_error.erb within rescues/layout (0.9ms)


Started GET "/say/hello" for 192.168.1.4 at Sun Sep 04 18:16:25 +0300 2011

ActionController::RoutingError (No route matches "/say/hello"):
  

Rendered /usr/local/lib/ruby/gems/1.8/gems/actionpack-3.0.9/lib/action_dispatch/middleware/templates/rescues/routing_error.erb within rescues/layout (0.9ms)


Started GET "/say/hello" for 192.168.1.4 at Sun Sep 04 18:16:26 +0300 2011

ActionController::RoutingError (No route matches "/say/hello"):
  

Rendered /usr/local/lib/ruby/gems/1.8/gems/actionpack-3.0.9/lib/action_dispatch/middleware/templates/rescues/routing_error.erb within rescues/layout (0.8ms)


Started GET "/say/hello" for 192.168.1.4 at Sun Sep 04 18:16:26 +0300 2011

ActionController::RoutingError (No route matches "/say/hello"):
  

Rendered /usr/local/lib/ruby/gems/1.8/gems/actionpack-3.0.9/lib/action_dispatch/middleware/templates/rescues/routing_error.erb within rescues/layout (1.4ms)


Started GET "/say/hello" for 192.168.1.4 at Sun Sep 04 18:16:33 +0300 2011
  Processing by SayController#hello as HTML
Rendered say/hello.html.erb within layouts/application (12.2ms)
Completed 500 Internal Server Error in 18ms

ActionView::Template::Error (undefined local variable or method `say_goodbye_path' for #<#<Class:0xb6022b94>:0xb6021d20>):
    3: <p>It's <%= Time.now %></p>
    4: OR
    5: <p>It's <%= @timenow %></p>
    6: <p>Say goodbey <%= link_to "here", say_goodbye_path %>.</p>
    7: <p>
    8:   Files: <br/><% @files.each do |f| %>
    9:     &nbsp;&nbsp;<%= f %><br>
  app/views/say/hello.html.erb:6:in `_app_views_say_hello_html_erb__439456229__620689578_0'

Rendered /usr/local/lib/ruby/gems/1.8/gems/actionpack-3.0.9/lib/action_dispatch/middleware/templates/rescues/_trace.erb (1.3ms)
Rendered /usr/local/lib/ruby/gems/1.8/gems/actionpack-3.0.9/lib/action_dispatch/middleware/templates/rescues/_request_and_response.erb (4.4ms)
Rendered /usr/local/lib/ruby/gems/1.8/gems/actionpack-3.0.9/lib/action_dispatch/middleware/templates/rescues/template_error.erb within rescues/layout (9.9ms)


Started GET "/say/hello" for 192.168.1.4 at Sun Sep 04 18:16:34 +0300 2011
  Processing by SayController#hello as HTML
Rendered say/hello.html.erb within layouts/application (7.1ms)
Completed 500 Internal Server Error in 12ms

ActionView::Template::Error (undefined local variable or method `say_goodbye_path' for #<#<Class:0xb5f76d44>:0xb5f75ed0>):
    3: <p>It's <%= Time.now %></p>
    4: OR
    5: <p>It's <%= @timenow %></p>
    6: <p>Say goodbey <%= link_to "here", say_goodbye_path %>.</p>
    7: <p>
    8:   Files: <br/><% @files.each do |f| %>
    9:     &nbsp;&nbsp;<%= f %><br>
  app/views/say/hello.html.erb:6:in `_app_views_say_hello_html_erb__439456229__621041618_0'

Rendered /usr/local/lib/ruby/gems/1.8/gems/actionpack-3.0.9/lib/action_dispatch/middleware/templates/rescues/_trace.erb (1.2ms)
Rendered /usr/local/lib/ruby/gems/1.8/gems/actionpack-3.0.9/lib/action_dispatch/middleware/templates/rescues/_request_and_response.erb (5.9ms)
Rendered /usr/local/lib/ruby/gems/1.8/gems/actionpack-3.0.9/lib/action_dispatch/middleware/templates/rescues/template_error.erb within rescues/layout (43.6ms)


Started GET "/" for 192.168.1.4 at Sun Sep 04 18:16:43 +0300 2011
  Processing by HomeController#index as HTML
Rendered home/index.html.erb within layouts/application (8.9ms)
Completed 500 Internal Server Error in 14ms

ActionView::Template::Error (undefined local variable or method `svetik_home_path' for #<#<Class:0xb5ed2af0>:0xb5ed1ccc>):
    1: <h1 align="center">Home#index</h1>
    2: <p><%= link_to "Svetik Home", svetik_home_path %></p>
    3: <p><%= link_to "Say Hello", say_hello_path %></p>
    4: <p><%= link_to "Say Goodbye", say_goodbye_path %></p>
    5: <p><%= link_to "My Test Scaffold", my_test_scaffolds_path %></p>
  app/views/home/index.html.erb:2:in `_app_views_home_index_html_erb___295815960__621377548_0'

Rendered /usr/local/lib/ruby/gems/1.8/gems/actionpack-3.0.9/lib/action_dispatch/middleware/templates/rescues/_trace.erb (1.2ms)
Rendered /usr/local/lib/ruby/gems/1.8/gems/actionpack-3.0.9/lib/action_dispatch/middleware/templates/rescues/_request_and_response.erb (4.5ms)
Rendered /usr/local/lib/ruby/gems/1.8/gems/actionpack-3.0.9/lib/action_dispatch/middleware/templates/rescues/template_error.erb within rescues/layout (10.1ms)
DEPRECATION WARNING: config.action_view.debug_rjs will be removed in 3.1, from 3.1 onwards you will need to install prototype-rails to continue to use RJS templates . (called from service at /usr/local/lib/ruby/1.8/webrick/httpserver.rb:104)


Started GET "/" for 192.168.1.4 at Sun Sep 04 18:21:07 +0300 2011
  Processing by HomeController#index as HTML
Rendered home/index.html.erb within layouts/application (9.0ms)
Completed 500 Internal Server Error in 14ms

ActionView::Template::Error (undefined local variable or method `svetik_home_path' for #<#<Class:0xb72cd4d8>:0xb72bb4cc>):
    1: <h1 align="center">Home#index</h1>
    2: <p><%= link_to "Svetik Home", svetik_home_path %></p>
    3: <p><%= link_to "Say Hello", say_hello_path %></p>
    4: <p><%= link_to "Say Goodbye", say_goodbye_path %></p>
    5: <p><%= link_to "My Test Scaffold", my_test_scaffolds_path %></p>
  app/views/home/index.html.erb:2:in `_app_views_home_index_html_erb___295815960__610948528_0'

Rendered /usr/local/lib/ruby/gems/1.8/gems/actionpack-3.0.9/lib/action_dispatch/middleware/templates/rescues/_trace.erb (1.1ms)
Rendered /usr/local/lib/ruby/gems/1.8/gems/actionpack-3.0.9/lib/action_dispatch/middleware/templates/rescues/_request_and_response.erb (4.4ms)
Rendered /usr/local/lib/ruby/gems/1.8/gems/actionpack-3.0.9/lib/action_dispatch/middleware/templates/rescues/template_error.erb within rescues/layout (9.8ms)


Started GET "/" for 192.168.1.4 at Sun Sep 04 18:21:10 +0300 2011
  Processing by HomeController#index as HTML
Rendered home/index.html.erb within layouts/application (8.6ms)
Completed 500 Internal Server Error in 14ms

ActionView::Template::Error (undefined local variable or method `svetik_home_path' for #<#<Class:0xb607dc88>:0xb607ce64>):
    1: <h1 align="center">Home#index</h1>
    2: <p><%= link_to "Svetik Home", svetik_home_path %></p>
    3: <p><%= link_to "Say Hello", say_hello_path %></p>
    4: <p><%= link_to "Say Goodbye", say_goodbye_path %></p>
    5: <p><%= link_to "My Test Scaffold", my_test_scaffolds_path %></p>
  app/views/home/index.html.erb:2:in `_app_views_home_index_html_erb___295815960__620502848_0'

Rendered /usr/local/lib/ruby/gems/1.8/gems/actionpack-3.0.9/lib/action_dispatch/middleware/templates/rescues/_trace.erb (1.2ms)
Rendered /usr/local/lib/ruby/gems/1.8/gems/actionpack-3.0.9/lib/action_dispatch/middleware/templates/rescues/_request_and_response.erb (4.2ms)
Rendered /usr/local/lib/ruby/gems/1.8/gems/actionpack-3.0.9/lib/action_dispatch/middleware/templates/rescues/template_error.erb within rescues/layout (9.4ms)
DEPRECATION WARNING: config.action_view.debug_rjs will be removed in 3.1, from 3.1 onwards you will need to install prototype-rails to continue to use RJS templates . (called from service at /usr/local/lib/ruby/1.8/webrick/httpserver.rb:104)


Started GET "/" for 192.168.1.4 at Sun Sep 04 18:21:58 +0300 2011
  Processing by HomeController#index as HTML
Rendered home/index.html.erb within layouts/application (3.1ms)
Completed 500 Internal Server Error in 8ms

ActionView::Template::Error (No route matches {:controller=>"home", :action=>"show"}):
    1: <h1 align="center">Home#index</h1>
    2: <p><%= link_to "Svetik Home", svetik_home_path %></p>
    3: <p><%= link_to "Say Hello", say_hello_path %></p>
    4: <p><%= link_to "Say Goodbye", say_goodbye_path %></p>
    5: <p><%= link_to "My Test Scaffold", my_test_scaffolds_path %></p>
  app/views/home/index.html.erb:2:in `_app_views_home_index_html_erb___295815960__620730108_0'

Rendered /usr/local/lib/ruby/gems/1.8/gems/actionpack-3.0.9/lib/action_dispatch/middleware/templates/rescues/_trace.erb (1.2ms)
Rendered /usr/local/lib/ruby/gems/1.8/gems/actionpack-3.0.9/lib/action_dispatch/middleware/templates/rescues/_request_and_response.erb (5.6ms)
Rendered /usr/local/lib/ruby/gems/1.8/gems/actionpack-3.0.9/lib/action_dispatch/middleware/templates/rescues/template_error.erb within rescues/layout (10.8ms)
DEPRECATION WARNING: config.action_view.debug_rjs will be removed in 3.1, from 3.1 onwards you will need to install prototype-rails to continue to use RJS templates . (called from service at /usr/local/lib/ruby/1.8/webrick/httpserver.rb:104)


Started GET "/" for 192.168.1.4 at Sun Sep 04 18:28:10 +0300 2011
  Processing by HomeController#index as HTML
Rendered home/index.html.erb within layouts/application (3.1ms)
Completed 500 Internal Server Error in 7ms

ActionView::Template::Error (No route matches {:controller=>"svetik", :action=>"home"}):
    1: <h1 align="center">Home#index</h1>
    2: <p><%= link_to "Svetik Home", svetik_home_path %></p>
    3: <p><%= link_to "Say Hello", say_hello_path %></p>
    4: <p><%= link_to "Say Goodbye", say_goodbye_path %></p>
    5: <p><%= link_to "My Test Scaffold", my_test_scaffolds_path %></p>
  app/views/home/index.html.erb:2:in `_app_views_home_index_html_erb___295815960__610092658_0'

Rendered /usr/local/lib/ruby/gems/1.8/gems/actionpack-3.0.9/lib/action_dispatch/middleware/templates/rescues/_trace.erb (1.1ms)
Rendered /usr/local/lib/ruby/gems/1.8/gems/actionpack-3.0.9/lib/action_dispatch/middleware/templates/rescues/_request_and_response.erb (4.7ms)
Rendered /usr/local/lib/ruby/gems/1.8/gems/actionpack-3.0.9/lib/action_dispatch/middleware/templates/rescues/template_error.erb within rescues/layout (9.9ms)


Started GET "/" for 192.168.1.4 at Sun Sep 04 18:28:11 +0300 2011
  Processing by HomeController#index as HTML
Rendered home/index.html.erb within layouts/application (0.8ms)
Completed 500 Internal Server Error in 6ms

ActionView::Template::Error (No route matches {:controller=>"svetik", :action=>"home"}):
    1: <h1 align="center">Home#index</h1>
    2: <p><%= link_to "Svetik Home", svetik_home_path %></p>
    3: <p><%= link_to "Say Hello", say_hello_path %></p>
    4: <p><%= link_to "Say Goodbye", say_goodbye_path %></p>
    5: <p><%= link_to "My Test Scaffold", my_test_scaffolds_path %></p>
  app/views/home/index.html.erb:2:in `_app_views_home_index_html_erb___295815960__620521858_0'

Rendered /usr/local/lib/ruby/gems/1.8/gems/actionpack-3.0.9/lib/action_dispatch/middleware/templates/rescues/_trace.erb (1.1ms)
Rendered /usr/local/lib/ruby/gems/1.8/gems/actionpack-3.0.9/lib/action_dispatch/middleware/templates/rescues/_request_and_response.erb (4.3ms)
Rendered /usr/local/lib/ruby/gems/1.8/gems/actionpack-3.0.9/lib/action_dispatch/middleware/templates/rescues/template_error.erb within rescues/layout (10.1ms)


Started GET "/" for 192.168.1.4 at Sun Sep 04 18:28:29 +0300 2011
  Processing by HomeController#index as HTML
Rendered home/index.html.erb within layouts/application (1.0ms)
Completed 500 Internal Server Error in 6ms

ActionView::Template::Error (No route matches {:controller=>"svetik", :action=>"home"}):
    1: <h1 align="center">Home#index</h1>
    2: <p><%= link_to "Svetik Home", svetik_home_path %></p>
    3: <p><%= link_to "Say Hello", say_hello_path %></p>
    4: <p><%= link_to "Say Goodbye", say_goodbye_path %></p>
    5: <p><%= link_to "My Test Scaffold", my_test_scaffolds_path %></p>
  app/views/home/index.html.erb:2:in `_app_views_home_index_html_erb___295815960__620854298_0'

Rendered /usr/local/lib/ruby/gems/1.8/gems/actionpack-3.0.9/lib/action_dispatch/middleware/templates/rescues/_trace.erb (1.3ms)
Rendered /usr/local/lib/ruby/gems/1.8/gems/actionpack-3.0.9/lib/action_dispatch/middleware/templates/rescues/_request_and_response.erb (5.0ms)
Rendered /usr/local/lib/ruby/gems/1.8/gems/actionpack-3.0.9/lib/action_dispatch/middleware/templates/rescues/template_error.erb within rescues/layout (10.7ms)


Started GET "/" for 192.168.1.4 at Sun Sep 04 18:28:33 +0300 2011
  Processing by HomeController#index as HTML
Rendered home/index.html.erb within layouts/application (0.9ms)
Completed 500 Internal Server Error in 5ms

ActionView::Template::Error (No route matches {:controller=>"svetik", :action=>"home"}):
    1: <h1 align="center">Home#index</h1>
    2: <p><%= link_to "Svetik Home", svetik_home_path %></p>
    3: <p><%= link_to "Say Hello", say_hello_path %></p>
    4: <p><%= link_to "Say Goodbye", say_goodbye_path %></p>
    5: <p><%= link_to "My Test Scaffold", my_test_scaffolds_path %></p>
  app/views/home/index.html.erb:2:in `_app_views_home_index_html_erb___295815960__621176048_0'

Rendered /usr/local/lib/ruby/gems/1.8/gems/actionpack-3.0.9/lib/action_dispatch/middleware/templates/rescues/_trace.erb (62.6ms)
Rendered /usr/local/lib/ruby/gems/1.8/gems/actionpack-3.0.9/lib/action_dispatch/middleware/templates/rescues/_request_and_response.erb (244.2ms)
Rendered /usr/local/lib/ruby/gems/1.8/gems/actionpack-3.0.9/lib/action_dispatch/middleware/templates/rescues/template_error.erb within rescues/layout (421.9ms)


Started GET "/" for 192.168.1.4 at Sun Sep 04 18:28:33 +0300 2011
  Processing by HomeController#index as HTML
Rendered home/index.html.erb within layouts/application (0.9ms)
Completed 500 Internal Server Error in 5ms

ActionView::Template::Error (No route matches {:controller=>"svetik", :action=>"home"}):
    1: <h1 align="center">Home#index</h1>
    2: <p><%= link_to "Svetik Home", svetik_home_path %></p>
    3: <p><%= link_to "Say Hello", say_hello_path %></p>
    4: <p><%= link_to "Say Goodbye", say_goodbye_path %></p>
    5: <p><%= link_to "My Test Scaffold", my_test_scaffolds_path %></p>
  app/views/home/index.html.erb:2:in `_app_views_home_index_html_erb___295815960__620315538_0'

Rendered /usr/local/lib/ruby/gems/1.8/gems/actionpack-3.0.9/lib/action_dispatch/middleware/templates/rescues/_trace.erb (1.2ms)
Rendered /usr/local/lib/ruby/gems/1.8/gems/actionpack-3.0.9/lib/action_dispatch/middleware/templates/rescues/_request_and_response.erb (5.1ms)
Rendered /usr/local/lib/ruby/gems/1.8/gems/actionpack-3.0.9/lib/action_dispatch/middleware/templates/rescues/template_error.erb within rescues/layout (10.4ms)


Started GET "/" for 192.168.1.4 at Sun Sep 04 18:28:33 +0300 2011
  Processing by HomeController#index as HTML
Rendered home/index.html.erb within layouts/application (0.9ms)
Completed 500 Internal Server Error in 19ms

ActionView::Template::Error (No route matches {:controller=>"svetik", :action=>"home"}):
    1: <h1 align="center">Home#index</h1>
    2: <p><%= link_to "Svetik Home", svetik_home_path %></p>
    3: <p><%= link_to "Say Hello", say_hello_path %></p>
    4: <p><%= link_to "Say Goodbye", say_goodbye_path %></p>
    5: <p><%= link_to "My Test Scaffold", my_test_scaffolds_path %></p>
  app/views/home/index.html.erb:2:in `_app_views_home_index_html_erb___295815960__620642888_0'

Rendered /usr/local/lib/ruby/gems/1.8/gems/actionpack-3.0.9/lib/action_dispatch/middleware/templates/rescues/_trace.erb (1.1ms)
Rendered /usr/local/lib/ruby/gems/1.8/gems/actionpack-3.0.9/lib/action_dispatch/middleware/templates/rescues/_request_and_response.erb (4.6ms)
Rendered /usr/local/lib/ruby/gems/1.8/gems/actionpack-3.0.9/lib/action_dispatch/middleware/templates/rescues/template_error.erb within rescues/layout (9.8ms)


Started GET "/svetik" for 192.168.1.4 at Sun Sep 04 18:28:37 +0300 2011

AbstractController::ActionNotFound (The action 'index' could not be found for SvetikController):
  

Rendered /usr/local/lib/ruby/gems/1.8/gems/actionpack-3.0.9/lib/action_dispatch/middleware/templates/rescues/unknown_action.erb within rescues/layout (1.1ms)


Started GET "/svetik/home" for 192.168.1.4 at Sun Sep 04 18:28:43 +0300 2011

AbstractController::ActionNotFound (The action 'show' could not be found for SvetikController):
  

Rendered /usr/local/lib/ruby/gems/1.8/gems/actionpack-3.0.9/lib/action_dispatch/middleware/templates/rescues/unknown_action.erb within rescues/layout (0.6ms)
DEPRECATION WARNING: config.action_view.debug_rjs will be removed in 3.1, from 3.1 onwards you will need to install prototype-rails to continue to use RJS templates . (called from service at /usr/local/lib/ruby/1.8/webrick/httpserver.rb:104)


Started GET "/svetik/home" for 192.168.1.4 at Sun Sep 04 18:31:51 +0300 2011

AbstractController::ActionNotFound (The action 'show' could not be found for SvetikController):
  

Rendered /usr/local/lib/ruby/gems/1.8/gems/actionpack-3.0.9/lib/action_dispatch/middleware/templates/rescues/unknown_action.erb within rescues/layout (0.6ms)


Started GET "/svetik/home" for 192.168.1.4 at Sun Sep 04 18:31:52 +0300 2011

AbstractController::ActionNotFound (The action 'show' could not be found for SvetikController):
  

Rendered /usr/local/lib/ruby/gems/1.8/gems/actionpack-3.0.9/lib/action_dispatch/middleware/templates/rescues/unknown_action.erb within rescues/layout (0.6ms)


Started GET "/svetik/home" for 192.168.1.4 at Sun Sep 04 18:31:53 +0300 2011

AbstractController::ActionNotFound (The action 'show' could not be found for SvetikController):
  

Rendered /usr/local/lib/ruby/gems/1.8/gems/actionpack-3.0.9/lib/action_dispatch/middleware/templates/rescues/unknown_action.erb within rescues/layout (0.7ms)


Started GET "/" for 192.168.1.4 at Sun Sep 04 18:31:58 +0300 2011
  Processing by HomeController#index as HTML
Rendered home/index.html.erb within layouts/application (2.9ms)
Completed 500 Internal Server Error in 7ms

ActionView::Template::Error (No route matches {:controller=>"svetik", :action=>"home"}):
    1: <h1 align="center">Home#index</h1>
    2: <p><%= link_to "Svetik Home", svetik_home_path %></p>
    3: <p><%= link_to "Say Hello", say_hello_path %></p>
    4: <p><%= link_to "Say Goodbye", say_goodbye_path %></p>
    5: <p><%= link_to "My Test Scaffold", my_test_scaffolds_path %></p>
  app/views/home/index.html.erb:2:in `_app_views_home_index_html_erb___295815960__621001428_0'

Rendered /usr/local/lib/ruby/gems/1.8/gems/actionpack-3.0.9/lib/action_dispatch/middleware/templates/rescues/_trace.erb (1.0ms)
Rendered /usr/local/lib/ruby/gems/1.8/gems/actionpack-3.0.9/lib/action_dispatch/middleware/templates/rescues/_request_and_response.erb (4.3ms)
Rendered /usr/local/lib/ruby/gems/1.8/gems/actionpack-3.0.9/lib/action_dispatch/middleware/templates/rescues/template_error.erb within rescues/layout (9.3ms)
DEPRECATION WARNING: config.action_view.debug_rjs will be removed in 3.1, from 3.1 onwards you will need to install prototype-rails to continue to use RJS templates . (called from service at /usr/local/lib/ruby/1.8/webrick/httpserver.rb:104)


Started GET "/" for 192.168.1.4 at Sun Sep 04 18:33:48 +0300 2011
  Processing by HomeController#index as HTML
Rendered home/index.html.erb within layouts/application (9.3ms)
Completed 500 Internal Server Error in 14ms

ActionView::Template::Error (undefined local variable or method `say_hello_path' for #<#<Class:0xb72e2a04>:0xb72df8a4>):
    1: <h1 align="center">Home#index</h1>
    2: <p><%= link_to "Svetik Home", svetik_home_path %></p>
    3: <p><%= link_to "Say Hello", say_hello_path %></p>
    4: <p><%= link_to "Say Goodbye", say_goodbye_path %></p>
    5: <p><%= link_to "My Test Scaffold", my_test_scaffolds_path %></p>
  app/views/home/index.html.erb:3:in `_app_views_home_index_html_erb___295815960__610875698_0'

Rendered /usr/local/lib/ruby/gems/1.8/gems/actionpack-3.0.9/lib/action_dispatch/middleware/templates/rescues/_trace.erb (1.1ms)
Rendered /usr/local/lib/ruby/gems/1.8/gems/actionpack-3.0.9/lib/action_dispatch/middleware/templates/rescues/_request_and_response.erb (4.7ms)
Rendered /usr/local/lib/ruby/gems/1.8/gems/actionpack-3.0.9/lib/action_dispatch/middleware/templates/rescues/template_error.erb within rescues/layout (10.0ms)
DEPRECATION WARNING: config.action_view.debug_rjs will be removed in 3.1, from 3.1 onwards you will need to install prototype-rails to continue to use RJS templates . (called from service at /usr/local/lib/ruby/1.8/webrick/httpserver.rb:104)


Started GET "/" for 192.168.1.4 at Sun Sep 04 18:41:11 +0300 2011
  Processing by HomeController#index as HTML
Rendered home/index.html.erb within layouts/application (9.7ms)
Completed 500 Internal Server Error in 14ms

ActionView::Template::Error (undefined local variable or method `svetik_home_path' for #<#<Class:0xb60c540c>:0xb60c45e8>):
    1: <h1 align="center">Home#index</h1>
    2: <p><%= link_to "Svetik Home", svetik_home_path %></p>
    3: <p><%= link_to "Say Hello", say_hello_path %></p>
    4: <p><%= link_to "Say Goodbye", say_goodbye_path %></p>
    5: <p><%= link_to "My Test Scaffold", my_test_scaffolds_path %></p>
  app/views/home/index.html.erb:2:in `_app_views_home_index_html_erb___295815960__620356478_0'

Rendered /usr/local/lib/ruby/gems/1.8/gems/actionpack-3.0.9/lib/action_dispatch/middleware/templates/rescues/_trace.erb (1.2ms)
Rendered /usr/local/lib/ruby/gems/1.8/gems/actionpack-3.0.9/lib/action_dispatch/middleware/templates/rescues/_request_and_response.erb (4.6ms)
Rendered /usr/local/lib/ruby/gems/1.8/gems/actionpack-3.0.9/lib/action_dispatch/middleware/templates/rescues/template_error.erb within rescues/layout (10.7ms)


Started GET "/" for 192.168.1.4 at Sun Sep 04 18:41:19 +0300 2011
  Processing by HomeController#index as HTML
Rendered home/index.html.erb within layouts/application (14.3ms)
Completed 500 Internal Server Error in 23ms

ActionView::Template::Error (undefined local variable or method `svetik_home_path' for #<#<Class:0xb600cd30>:0xb600bf0c>):
    1: <h1 align="center">Home#index</h1>
    2: <p><%= link_to "Svetik Home", svetik_home_path %></p>
    3: <p><%= link_to "Say Hello", say_hello_path %></p>
    4: <p><%= link_to "Say Goodbye", say_goodbye_path %></p>
    5: <p><%= link_to "My Test Scaffold", my_test_scaffolds_path %></p>
  app/views/home/index.html.erb:2:in `_app_views_home_index_html_erb___295815960__620734188_0'

Rendered /usr/local/lib/ruby/gems/1.8/gems/actionpack-3.0.9/lib/action_dispatch/middleware/templates/rescues/_trace.erb (1.2ms)
Rendered /usr/local/lib/ruby/gems/1.8/gems/actionpack-3.0.9/lib/action_dispatch/middleware/templates/rescues/_request_and_response.erb (4.9ms)
Rendered /usr/local/lib/ruby/gems/1.8/gems/actionpack-3.0.9/lib/action_dispatch/middleware/templates/rescues/template_error.erb within rescues/layout (10.9ms)
DEPRECATION WARNING: config.action_view.debug_rjs will be removed in 3.1, from 3.1 onwards you will need to install prototype-rails to continue to use RJS templates . (called from service at /usr/local/lib/ruby/1.8/webrick/httpserver.rb:104)


Started GET "/" for 192.168.1.4 at Sun Sep 04 18:42:10 +0300 2011
  Processing by HomeController#index as HTML
Rendered home/index.html.erb within layouts/application (10.3ms)
Completed 500 Internal Server Error in 15ms

ActionView::Template::Error (undefined local variable or method `svetik_home_path' for #<#<Class:0xb6022270>:0xb602144c>):
    1: <h1 align="center">Home#index</h1>
    2: <p><%= link_to "My Test Scaffold", my_test_scaffolds_path %></p>
    3: <p><%= link_to "Svetik Home", svetik_home_path %></p>
    4: <p><%= link_to "Say Hello", say_hello_path %></p>
    5: <p><%= link_to "Say Goodbye", say_goodbye_path %></p>
  app/views/home/index.html.erb:3:in `_app_views_home_index_html_erb___295815960__620690508_0'

Rendered /usr/local/lib/ruby/gems/1.8/gems/actionpack-3.0.9/lib/action_dispatch/middleware/templates/rescues/_trace.erb (1.1ms)
Rendered /usr/local/lib/ruby/gems/1.8/gems/actionpack-3.0.9/lib/action_dispatch/middleware/templates/rescues/_request_and_response.erb (4.3ms)
Rendered /usr/local/lib/ruby/gems/1.8/gems/actionpack-3.0.9/lib/action_dispatch/middleware/templates/rescues/template_error.erb within rescues/layout (9.7ms)
DEPRECATION WARNING: config.action_view.debug_rjs will be removed in 3.1, from 3.1 onwards you will need to install prototype-rails to continue to use RJS templates . (called from service at /usr/local/lib/ruby/1.8/webrick/httpserver.rb:104)


Started GET "/" for 192.168.1.4 at Sun Sep 04 18:42:52 +0300 2011
  Processing by HomeController#index as HTML
Rendered home/index.html.erb within layouts/application (9.9ms)
Completed 500 Internal Server Error in 15ms

ActionView::Template::Error (undefined local variable or method `svetik_home_path' for #<#<Class:0xb6075a88>:0xb6074c64>):
    1: <h1 align="center">Home#index</h1>
    2: <p><%= link_to "My Test Scaffold", my_test_scaffolds_path %></p>
    3: <p><%= link_to "Svetik Home", svetik_home_path %></p>
    4: <p><%= link_to "Say Hello", say_hello_path %></p>
    5: <p><%= link_to "Say Goodbye", say_goodbye_path %></p>
  app/views/home/index.html.erb:3:in `_app_views_home_index_html_erb___295815960__620519488_0'

Rendered /usr/local/lib/ruby/gems/1.8/gems/actionpack-3.0.9/lib/action_dispatch/middleware/templates/rescues/_trace.erb (1.1ms)
Rendered /usr/local/lib/ruby/gems/1.8/gems/actionpack-3.0.9/lib/action_dispatch/middleware/templates/rescues/_request_and_response.erb (4.4ms)
Rendered /usr/local/lib/ruby/gems/1.8/gems/actionpack-3.0.9/lib/action_dispatch/middleware/templates/rescues/template_error.erb within rescues/layout (9.5ms)
DEPRECATION WARNING: config.action_view.debug_rjs will be removed in 3.1, from 3.1 onwards you will need to install prototype-rails to continue to use RJS templates . (called from service at /usr/local/lib/ruby/1.8/webrick/httpserver.rb:104)


Started GET "/" for 192.168.1.4 at Sun Sep 04 18:43:42 +0300 2011
  Processing by HomeController#index as HTML
Rendered home/index.html.erb within layouts/application (10.1ms)
Completed 500 Internal Server Error in 15ms

ActionView::Template::Error (undefined local variable or method `say_goodbye_path' for #<#<Class:0xb6054658>:0xb6053834>):
    2: <p><%= link_to "My Test Scaffold", my_test_scaffolds_path %></p>
    3: <p><%= link_to "Svetik Home", svetik_home_path %></p>
    4: <p><%= link_to "Say Hello", say_hello_path %></p>
    5: <p><%= link_to "Say Goodbye", say_goodbye_path %></p>
  app/views/home/index.html.erb:5:in `_app_views_home_index_html_erb___295815960__620587608_0'

Rendered /usr/local/lib/ruby/gems/1.8/gems/actionpack-3.0.9/lib/action_dispatch/middleware/templates/rescues/_trace.erb (1.1ms)
Rendered /usr/local/lib/ruby/gems/1.8/gems/actionpack-3.0.9/lib/action_dispatch/middleware/templates/rescues/_request_and_response.erb (4.4ms)
Rendered /usr/local/lib/ruby/gems/1.8/gems/actionpack-3.0.9/lib/action_dispatch/middleware/templates/rescues/template_error.erb within rescues/layout (9.5ms)
DEPRECATION WARNING: config.action_view.debug_rjs will be removed in 3.1, from 3.1 onwards you will need to install prototype-rails to continue to use RJS templates . (called from service at /usr/local/lib/ruby/1.8/webrick/httpserver.rb:104)


Started GET "/" for 192.168.1.4 at Sun Sep 04 18:44:11 +0300 2011
  Processing by HomeController#index as HTML
Rendered home/index.html.erb within layouts/application (3.1ms)
Completed 200 OK in 8ms (Views: 7.1ms | ActiveRecord: 0.0ms)


Started GET "/my_test_scaffolds" for 192.168.1.4 at Sun Sep 04 18:44:15 +0300 2011
  Processing by MyTestScaffoldsController#index as HTML
  [1m[36mMyTestScaffold Load (200.5ms)[0m  [1mSELECT `my_test_scaffolds`.* FROM `my_test_scaffolds`[0m
Mysql2::Error: Table 'hwt.my_test_scaffolds' doesn't exist: SELECT `my_test_scaffolds`.* FROM `my_test_scaffolds`
Completed 500 Internal Server Error in 431ms

ActiveRecord::StatementInvalid (Mysql2::Error: Table 'hwt.my_test_scaffolds' doesn't exist: SELECT `my_test_scaffolds`.* FROM `my_test_scaffolds`):
  app/controllers/my_test_scaffolds_controller.rb:5:in `index'

Rendered /usr/local/lib/ruby/gems/1.8/gems/actionpack-3.0.9/lib/action_dispatch/middleware/templates/rescues/_trace.erb (6.3ms)
Rendered /usr/local/lib/ruby/gems/1.8/gems/actionpack-3.0.9/lib/action_dispatch/middleware/templates/rescues/_request_and_response.erb (11.1ms)
Rendered /usr/local/lib/ruby/gems/1.8/gems/actionpack-3.0.9/lib/action_dispatch/middleware/templates/rescues/diagnostics.erb within rescues/layout (25.6ms)
  [1m[36mSQL (0.3ms)[0m  [1mSHOW TABLES[0m
  [1m[35mSQL (602.5ms)[0m  CREATE TABLE `schema_migrations` (`version` varchar(255) NOT NULL) ENGINE=InnoDB
  [1m[36mSQL (25.2ms)[0m  [1mSHOW KEYS FROM `schema_migrations`[0m
  [1m[35mSQL (435.4ms)[0m  CREATE UNIQUE INDEX `unique_schema_migrations` ON `schema_migrations` (`version`)
  [1m[36mSQL (0.5ms)[0m  [1mSHOW TABLES[0m
  [1m[35mSQL (0.4ms)[0m  SHOW TABLES
  [1m[36mSQL (32.7ms)[0m  [1mSELECT `schema_migrations`.`version` FROM `schema_migrations`[0m
Migrating to CreateTexts (20110901134435)
  [1m[35mSQL (42.5ms)[0m  CREATE TABLE `texts` (`id` int(11) DEFAULT NULL auto_increment PRIMARY KEY, `str` varchar(255), `created_at` datetime, `updated_at` datetime) ENGINE=InnoDB
  [1m[36mSQL (27.8ms)[0m  [1mINSERT INTO `schema_migrations` (`version`) VALUES ('20110901134435')[0m
Migrating to CreateMyTestScaffolds (20110902131437)
  [1m[35mSQL (36.2ms)[0m  CREATE TABLE `my_test_scaffolds` (`id` int(11) DEFAULT NULL auto_increment PRIMARY KEY, `title` varchar(255), `description` text, `image_url` varchar(255), `price` decimal, `created_at` datetime, `updated_at` datetime) ENGINE=InnoDB
  [1m[36mSQL (1.6ms)[0m  [1mINSERT INTO `schema_migrations` (`version`) VALUES ('20110902131437')[0m
Migrating to AddPressisionAndScaleToPrice (20110902131948)
  [1m[35mSQL (43.0ms)[0m  ALTER TABLE `my_test_scaffolds` CHANGE `price` `price` decimal(8,2) DEFAULT NULL
  [1m[36mSQL (14.1ms)[0m  [1mINSERT INTO `schema_migrations` (`version`) VALUES ('20110902131948')[0m
  [1m[35mSQL (0.6ms)[0m  SHOW TABLES
  [1m[36mSQL (0.4ms)[0m  [1mSELECT `schema_migrations`.`version` FROM `schema_migrations`[0m
  [1m[35mSQL (0.4ms)[0m  SHOW TABLES
  [1m[36mSQL (19.2ms)[0m  [1mdescribe `my_test_scaffolds`[0m
  [1m[35mSQL (14.9ms)[0m  SHOW KEYS FROM `my_test_scaffolds`
  [1m[36mSQL (77.2ms)[0m  [1mdescribe `texts`[0m
  [1m[35mSQL (0.8ms)[0m  SHOW KEYS FROM `texts`
DEPRECATION WARNING: config.action_view.debug_rjs will be removed in 3.1, from 3.1 onwards you will need to install prototype-rails to continue to use RJS templates . (called from service at /usr/local/lib/ruby/1.8/webrick/httpserver.rb:104)


Started GET "/my_test_scaffolds" for 192.168.1.4 at Sun Sep 04 18:45:56 +0300 2011
  Processing by MyTestScaffoldsController#index as HTML
  [1m[36mMyTestScaffold Load (0.6ms)[0m  [1mSELECT `my_test_scaffolds`.* FROM `my_test_scaffolds`[0m
Rendered my_test_scaffolds/index.html.erb within layouts/application (5.1ms)
Completed 200 OK in 63ms (Views: 42.3ms | ActiveRecord: 0.6ms)


Started GET "/my_test_scaffolds/new" for 192.168.1.4 at Sun Sep 04 18:45:59 +0300 2011
  Processing by MyTestScaffoldsController#new as HTML
Rendered my_test_scaffolds/_form.html.erb (108.4ms)
Rendered my_test_scaffolds/new.html.erb within layouts/application (120.6ms)
Completed 200 OK in 165ms (Views: 158.5ms | ActiveRecord: 0.0ms)


Started POST "/my_test_scaffolds" for 192.168.1.4 at Sun Sep 04 18:46:55 +0300 2011
  Processing by MyTestScaffoldsController#create as HTML
  Parameters: {"commit"=>"Create My test scaffold", "authenticity_token"=>"W7iILDrdEI0/CxQrGRsdqEjykh+SbD8kYN5IF0AbQ5s=", "utf8"=>"✓", "my_test_scaffold"=>{"price"=>"45.99$", "title"=>"Rails Routing from the Outside In", "image_url"=>"/images/rails.png", "description"=>"This guide covers the user-facing features of Rails routing. By referring to this guide, you will be able to:\r\n\r\nUnderstand the code in routes.rb\r\nConstruct your own routes, using either the preferred resourceful style or the match method\r\nIdentify what parameters to expect an action to receive\r\nAutomatically create paths and URLs using route helpers\r\nUse advanced techniques such as constraints and Rack endpoints"}}
  [1m[35mSQL (0.1ms)[0m  BEGIN
  [1m[36mSQL (0.3ms)[0m  [1mSHOW TABLES[0m
  [1m[35mSQL (0.6ms)[0m  describe `my_test_scaffolds`
  [1m[36mAREL (30.8ms)[0m  [1mINSERT INTO `my_test_scaffolds` (`price`, `title`, `image_url`, `description`, `updated_at`, `created_at`) VALUES (45.99, 'Rails Routing from the Outside In', '/images/rails.png', 'This guide covers the user-facing features of Rails routing. By referring to this guide, you will be able to:\r\n\r\nUnderstand the code in routes.rb\r\nConstruct your own routes, using either the preferred resourceful style or the match method\r\nIdentify what parameters to expect an action to receive\r\nAutomatically create paths and URLs using route helpers\r\nUse advanced techniques such as constraints and Rack endpoints', '2011-09-04 15:46:55', '2011-09-04 15:46:55')[0m
  [1m[35mSQL (2.0ms)[0m  COMMIT
Redirected to http://192.168.1.11:3000/my_test_scaffolds/1
Completed 302 Found in 95ms


Started GET "/my_test_scaffolds/1" for 192.168.1.4 at Sun Sep 04 18:46:55 +0300 2011
  Processing by MyTestScaffoldsController#show as HTML
  Parameters: {"id"=>"1"}
  [1m[36mMyTestScaffold Load (39.2ms)[0m  [1mSELECT `my_test_scaffolds`.* FROM `my_test_scaffolds` WHERE `my_test_scaffolds`.`id` = 1 LIMIT 1[0m
Rendered my_test_scaffolds/show.html.erb within layouts/application (98.5ms)
Completed 200 OK in 329ms (Views: 154.8ms | ActiveRecord: 39.2ms)


Started GET "/my_test_scaffolds" for 192.168.1.4 at Sun Sep 04 18:47:10 +0300 2011
  Processing by MyTestScaffoldsController#index as HTML
  [1m[35mMyTestScaffold Load (0.6ms)[0m  SELECT `my_test_scaffolds`.* FROM `my_test_scaffolds`
Rendered my_test_scaffolds/index.html.erb within layouts/application (38.0ms)
Completed 200 OK in 56ms (Views: 43.3ms | ActiveRecord: 0.6ms)


Started GET "/" for 192.168.1.4 at Sun Sep 04 18:47:19 +0300 2011
  Processing by HomeController#index as HTML
Rendered home/index.html.erb within layouts/application (5.5ms)
Completed 200 OK in 15ms (Views: 14.3ms | ActiveRecord: 0.0ms)


Started GET "/svetik/home" for 192.168.1.4 at Sun Sep 04 18:47:22 +0300 2011

AbstractController::ActionNotFound (The action 'show' could not be found for SvetikController):
  

Rendered /usr/local/lib/ruby/gems/1.8/gems/actionpack-3.0.9/lib/action_dispatch/middleware/templates/rescues/unknown_action.erb within rescues/layout (1.2ms)


Started GET "/say/hello" for 192.168.1.4 at Sun Sep 04 18:47:25 +0300 2011

AbstractController::ActionNotFound (The action 'show' could not be found for SayController):
  

Rendered /usr/local/lib/ruby/gems/1.8/gems/actionpack-3.0.9/lib/action_dispatch/middleware/templates/rescues/unknown_action.erb within rescues/layout (0.8ms)


Started GET "/say/goodbye" for 192.168.1.4 at Sun Sep 04 18:47:28 +0300 2011

AbstractController::ActionNotFound (The action 'show' could not be found for SayController):
  

Rendered /usr/local/lib/ruby/gems/1.8/gems/actionpack-3.0.9/lib/action_dispatch/middleware/templates/rescues/unknown_action.erb within rescues/layout (0.8ms)


Started GET "/say/hello" for 192.168.1.4 at Sun Sep 04 18:47:58 +0300 2011
  Processing by SayController#hello as HTML
Rendered say/hello.html.erb within layouts/application (2.5ms)
Completed 200 OK in 7ms (Views: 6.5ms | ActiveRecord: 0.0ms)


Started GET "/" for 192.168.1.4 at Sun Sep 04 18:48:02 +0300 2011
  Processing by HomeController#index as HTML
Rendered home/index.html.erb within layouts/application (3.5ms)
Completed 200 OK in 9ms (Views: 8.3ms | ActiveRecord: 0.0ms)
DEPRECATION WARNING: config.action_view.debug_rjs will be removed in 3.1, from 3.1 onwards you will need to install prototype-rails to continue to use RJS templates . (called from service at /usr/local/lib/ruby/1.8/webrick/httpserver.rb:104)


Started GET "/" for 192.168.1.4 at Sun Sep 04 18:48:14 +0300 2011
  Processing by HomeController#index as HTML
Rendered home/index.html.erb within layouts/application (2.9ms)
Completed 200 OK in 8ms (Views: 7.0ms | ActiveRecord: 0.0ms)


Started GET "/" for 192.168.1.4 at Sun Sep 04 18:48:14 +0300 2011
  Processing by HomeController#index as HTML
Rendered home/index.html.erb within layouts/application (2.7ms)
Completed 200 OK in 9ms (Views: 8.1ms | ActiveRecord: 0.0ms)


Started GET "/svetik/home" for 192.168.1.4 at Sun Sep 04 18:48:17 +0300 2011
  Processing by SvetikController#home as HTML
Rendered svetik/home.html.erb within layouts/application (2.5ms)
Completed 200 OK in 33ms (Views: 31.9ms | ActiveRecord: 0.0ms)


Started GET "/say/hello" for 192.168.1.4 at Sun Sep 04 18:48:22 +0300 2011
  Processing by SayController#hello as HTML
Rendered say/hello.html.erb within layouts/application (2.7ms)
Completed 200 OK in 8ms (Views: 7.2ms | ActiveRecord: 0.0ms)


Started GET "/say/goodbye" for 192.168.1.4 at Sun Sep 04 18:48:25 +0300 2011
  Processing by SayController#goodbye as HTML
Rendered say/goodbye.html.erb within layouts/application (3.8ms)
Completed 200 OK in 38ms (Views: 37.8ms | ActiveRecord: 0.0ms)


Started GET "/my_test_scaffolds" for 192.168.1.4 at Sun Sep 04 18:48:28 +0300 2011
  Processing by MyTestScaffoldsController#index as HTML
  [1m[36mMyTestScaffold Load (0.2ms)[0m  [1mSELECT `my_test_scaffolds`.* FROM `my_test_scaffolds`[0m
Rendered my_test_scaffolds/index.html.erb within layouts/application (59.2ms)
Completed 200 OK in 135ms (Views: 63.7ms | ActiveRecord: 0.2ms)


Started GET "/my_test_scaffolds/new" for 192.168.1.4 at Sun Sep 04 18:48:34 +0300 2011
  Processing by MyTestScaffoldsController#new as HTML
Rendered my_test_scaffolds/_form.html.erb (12.3ms)
Rendered my_test_scaffolds/new.html.erb within layouts/application (15.8ms)
Completed 200 OK in 26ms (Views: 20.3ms | ActiveRecord: 0.0ms)


Started POST "/my_test_scaffolds" for 192.168.1.4 at Sun Sep 04 18:49:09 +0300 2011
  Processing by MyTestScaffoldsController#create as HTML
  Parameters: {"commit"=>"Create My test scaffold", "authenticity_token"=>"W7iILDrdEI0/CxQrGRsdqEjykh+SbD8kYN5IF0AbQ5s=", "utf8"=>"✓", "my_test_scaffold"=>{"price"=>"55.99$", "title"=>"The Purpose of the Rails Router", "image_url"=>"/image/rails.png", "description"=>"The Rails router recognizes URLs and dispatches them to a controller’s action. It can also generate paths and URLs, avoiding the need to hardcode strings in your views."}}
  [1m[35mSQL (0.1ms)[0m  BEGIN
  [1m[36mSQL (0.5ms)[0m  [1mSHOW TABLES[0m
  [1m[35mSQL (1.0ms)[0m  describe `my_test_scaffolds`
  [1m[36mAREL (0.8ms)[0m  [1mINSERT INTO `my_test_scaffolds` (`description`, `created_at`, `title`, `image_url`, `updated_at`, `price`) VALUES ('The Rails router recognizes URLs and dispatches them to a controller’s action. It can also generate paths and URLs, avoiding the need to hardcode strings in your views.', '2011-09-04 15:49:09', 'The Purpose of the Rails Router', '/image/rails.png', '2011-09-04 15:49:09', 55.99)[0m
  [1m[35mSQL (2.6ms)[0m  COMMIT
Redirected to http://192.168.1.11:3000/my_test_scaffolds/2
Completed 302 Found in 68ms


Started GET "/my_test_scaffolds/2" for 192.168.1.4 at Sun Sep 04 18:49:09 +0300 2011
  Processing by MyTestScaffoldsController#show as HTML
  Parameters: {"id"=>"2"}
  [1m[36mMyTestScaffold Load (0.4ms)[0m  [1mSELECT `my_test_scaffolds`.* FROM `my_test_scaffolds` WHERE `my_test_scaffolds`.`id` = 2 LIMIT 1[0m
Rendered my_test_scaffolds/show.html.erb within layouts/application (7.8ms)
Completed 200 OK in 19ms (Views: 12.3ms | ActiveRecord: 0.4ms)


Started GET "/my_test_scaffolds" for 192.168.1.4 at Sun Sep 04 18:49:13 +0300 2011
  Processing by MyTestScaffoldsController#index as HTML
  [1m[35mMyTestScaffold Load (0.5ms)[0m  SELECT `my_test_scaffolds`.* FROM `my_test_scaffolds`
Rendered my_test_scaffolds/index.html.erb within layouts/application (10.4ms)
Completed 200 OK in 20ms (Views: 14.9ms | ActiveRecord: 0.5ms)


Started GET "/my_test_scaffolds/2/edit" for 192.168.1.4 at Sun Sep 04 18:49:19 +0300 2011
  Processing by MyTestScaffoldsController#edit as HTML
  Parameters: {"id"=>"2"}
  [1m[36mMyTestScaffold Load (0.1ms)[0m  [1mSELECT `my_test_scaffolds`.* FROM `my_test_scaffolds` WHERE `my_test_scaffolds`.`id` = 2 LIMIT 1[0m
Rendered my_test_scaffolds/_form.html.erb (21.8ms)
Rendered my_test_scaffolds/edit.html.erb within layouts/application (29.0ms)
Completed 200 OK in 76ms (Views: 68.3ms | ActiveRecord: 0.1ms)


Started POST "/my_test_scaffolds/2" for 192.168.1.4 at Sun Sep 04 18:49:24 +0300 2011
  Processing by MyTestScaffoldsController#update as HTML
  Parameters: {"commit"=>"Update My test scaffold", "authenticity_token"=>"W7iILDrdEI0/CxQrGRsdqEjykh+SbD8kYN5IF0AbQ5s=", "utf8"=>"✓", "id"=>"2", "my_test_scaffold"=>{"price"=>"55.99", "title"=>"The Purpose of the Rails Router", "image_url"=>"/images/rails.png", "description"=>"The Rails router recognizes URLs and dispatches them to a controller’s action. It can also generate paths and URLs, avoiding the need to hardcode strings in your views."}}
  [1m[35mMyTestScaffold Load (0.1ms)[0m  SELECT `my_test_scaffolds`.* FROM `my_test_scaffolds` WHERE `my_test_scaffolds`.`id` = 2 LIMIT 1
  [1m[36mSQL (0.1ms)[0m  [1mBEGIN[0m
  [1m[35mAREL (56.3ms)[0m  UPDATE `my_test_scaffolds` SET `updated_at` = '2011-09-04 15:49:24', `image_url` = '/images/rails.png' WHERE `my_test_scaffolds`.`id` = 2
  [1m[36mSQL (4.0ms)[0m  [1mCOMMIT[0m
Redirected to http://192.168.1.11:3000/my_test_scaffolds/2
Completed 302 Found in 77ms


Started GET "/my_test_scaffolds/2" for 192.168.1.4 at Sun Sep 04 18:49:24 +0300 2011
  Processing by MyTestScaffoldsController#show as HTML
  Parameters: {"id"=>"2"}
  [1m[35mMyTestScaffold Load (0.4ms)[0m  SELECT `my_test_scaffolds`.* FROM `my_test_scaffolds` WHERE `my_test_scaffolds`.`id` = 2 LIMIT 1
Rendered my_test_scaffolds/show.html.erb within layouts/application (8.9ms)
Completed 200 OK in 20ms (Views: 13.0ms | ActiveRecord: 5.5ms)


Started GET "/my_test_scaffolds" for 192.168.1.4 at Sun Sep 04 18:49:26 +0300 2011
  Processing by MyTestScaffoldsController#index as HTML
  [1m[36mMyTestScaffold Load (0.7ms)[0m  [1mSELECT `my_test_scaffolds`.* FROM `my_test_scaffolds`[0m
Rendered my_test_scaffolds/index.html.erb within layouts/application (11.7ms)
Completed 200 OK in 30ms (Views: 21.8ms | ActiveRecord: 61.3ms)


Started GET "/my_test_scaffolds" for 192.168.1.4 at Sun Sep 04 18:49:33 +0300 2011
  Processing by MyTestScaffoldsController#index as HTML
  [1m[35mMyTestScaffold Load (0.3ms)[0m  SELECT `my_test_scaffolds`.* FROM `my_test_scaffolds`
Rendered my_test_scaffolds/index.html.erb within layouts/application (12.0ms)
Completed 200 OK in 29ms (Views: 20.8ms | ActiveRecord: 0.3ms)
  [1m[36mSQL (19.1ms)[0m  [1mSHOW TABLES[0m
  [1m[35mSQL (0.5ms)[0m  SHOW TABLES
  [1m[36mSQL (38.4ms)[0m  [1mSELECT `schema_migrations`.`version` FROM `schema_migrations`[0m
  [1m[36mSQL (0.3ms)[0m  [1mSHOW TABLES[0m
  [1m[35mSQL (0.2ms)[0m  SHOW TABLES
  [1m[36mSQL (0.1ms)[0m  [1mSELECT `schema_migrations`.`version` FROM `schema_migrations`[0m
  [1m[35mSQL (0.5ms)[0m  DROP DATABASE IF EXISTS `hwt_test`
  [1m[36mSQL (15.0ms)[0m  [1mCREATE DATABASE `hwt_test` DEFAULT CHARACTER SET `utf8`[0m
  [1m[35mSQL (0.8ms)[0m  SHOW TABLES
  [1m[36mSQL (214.8ms)[0m  [1mCREATE TABLE `my_test_scaffolds` (`id` int(11) DEFAULT NULL auto_increment PRIMARY KEY, `title` varchar(255), `description` text, `image_url` varchar(255), `price` decimal(8,2), `created_at` datetime, `updated_at` datetime) ENGINE=InnoDB[0m
  [1m[35mSQL (0.5ms)[0m  SHOW TABLES
  [1m[36mSQL (21.1ms)[0m  [1mCREATE TABLE `texts` (`id` int(11) DEFAULT NULL auto_increment PRIMARY KEY, `str` varchar(255), `created_at` datetime, `updated_at` datetime) ENGINE=InnoDB[0m
  [1m[35mSQL (0.5ms)[0m  SHOW TABLES
  [1m[36mSQL (51.7ms)[0m  [1mCREATE TABLE `schema_migrations` (`version` varchar(255) NOT NULL) ENGINE=InnoDB[0m
  [1m[35mSQL (0.9ms)[0m  SHOW KEYS FROM `schema_migrations`
  [1m[36mSQL (146.3ms)[0m  [1mCREATE UNIQUE INDEX `unique_schema_migrations` ON `schema_migrations` (`version`)[0m
  [1m[35mSQL (0.6ms)[0m  SHOW TABLES
  [1m[36mSQL (0.8ms)[0m  [1mSELECT version FROM `schema_migrations`[0m
  [1m[35mSQL (29.8ms)[0m  INSERT INTO `schema_migrations` (version) VALUES ('20110902131948')
  [1m[36mSQL (0.8ms)[0m  [1mINSERT INTO `schema_migrations` (version) VALUES ('20110902131437')[0m
  [1m[35mSQL (1.4ms)[0m  INSERT INTO `schema_migrations` (version) VALUES ('20110901134435')
  [1m[36mSQL (1.5ms)[0m  [1mSHOW TABLES[0m
  [1m[35mSQL (0.5ms)[0m  SHOW TABLES
  [1m[36mSQL (0.4ms)[0m  [1mSELECT `schema_migrations`.`version` FROM `schema_migrations`[0m
  [1m[35mSQL (45.3ms)[0m  DROP DATABASE IF EXISTS `hwt_test`
  [1m[36mSQL (12.6ms)[0m  [1mCREATE DATABASE `hwt_test` DEFAULT CHARACTER SET `utf8`[0m
  [1m[35mSQL (0.5ms)[0m  SHOW TABLES
  [1m[36mSQL (13.2ms)[0m  [1mCREATE TABLE `my_test_scaffolds` (`id` int(11) DEFAULT NULL auto_increment PRIMARY KEY, `title` varchar(255), `description` text, `image_url` varchar(255), `price` decimal(8,2), `created_at` datetime, `updated_at` datetime) ENGINE=InnoDB[0m
  [1m[35mSQL (0.6ms)[0m  SHOW TABLES
  [1m[36mSQL (20.9ms)[0m  [1mCREATE TABLE `texts` (`id` int(11) DEFAULT NULL auto_increment PRIMARY KEY, `str` varchar(255), `created_at` datetime, `updated_at` datetime) ENGINE=InnoDB[0m
  [1m[35mSQL (0.6ms)[0m  SHOW TABLES
  [1m[36mSQL (12.2ms)[0m  [1mCREATE TABLE `schema_migrations` (`version` varchar(255) NOT NULL) ENGINE=InnoDB[0m
  [1m[35mSQL (0.6ms)[0m  SHOW KEYS FROM `schema_migrations`
  [1m[36mSQL (31.3ms)[0m  [1mCREATE UNIQUE INDEX `unique_schema_migrations` ON `schema_migrations` (`version`)[0m
  [1m[35mSQL (0.6ms)[0m  SHOW TABLES
  [1m[36mSQL (0.6ms)[0m  [1mSELECT version FROM `schema_migrations`[0m
  [1m[35mSQL (0.9ms)[0m  INSERT INTO `schema_migrations` (version) VALUES ('20110902131948')
  [1m[36mSQL (0.7ms)[0m  [1mINSERT INTO `schema_migrations` (version) VALUES ('20110902131437')[0m
  [1m[35mSQL (0.8ms)[0m  INSERT INTO `schema_migrations` (version) VALUES ('20110901134435')
  [1m[36mSQL (1.4ms)[0m  [1mSHOW TABLES[0m
  [1m[35mSQL (0.5ms)[0m  SHOW TABLES
  [1m[36mSQL (0.4ms)[0m  [1mSELECT `schema_migrations`.`version` FROM `schema_migrations`[0m
  [1m[35mSQL (37.7ms)[0m  DROP DATABASE IF EXISTS `hwt_test`
  [1m[36mSQL (0.5ms)[0m  [1mCREATE DATABASE `hwt_test` DEFAULT CHARACTER SET `utf8`[0m
  [1m[35mSQL (0.5ms)[0m  SHOW TABLES
  [1m[36mSQL (11.9ms)[0m  [1mCREATE TABLE `my_test_scaffolds` (`id` int(11) DEFAULT NULL auto_increment PRIMARY KEY, `title` varchar(255), `description` text, `image_url` varchar(255), `price` decimal(8,2), `created_at` datetime, `updated_at` datetime) ENGINE=InnoDB[0m
  [1m[35mSQL (0.6ms)[0m  SHOW TABLES
  [1m[36mSQL (14.5ms)[0m  [1mCREATE TABLE `texts` (`id` int(11) DEFAULT NULL auto_increment PRIMARY KEY, `str` varchar(255), `created_at` datetime, `updated_at` datetime) ENGINE=InnoDB[0m
  [1m[35mSQL (0.5ms)[0m  SHOW TABLES
  [1m[36mSQL (6.3ms)[0m  [1mCREATE TABLE `schema_migrations` (`version` varchar(255) NOT NULL) ENGINE=InnoDB[0m
  [1m[35mSQL (0.6ms)[0m  SHOW KEYS FROM `schema_migrations`
  [1m[36mSQL (44.8ms)[0m  [1mCREATE UNIQUE INDEX `unique_schema_migrations` ON `schema_migrations` (`version`)[0m
  [1m[35mSQL (0.5ms)[0m  SHOW TABLES
  [1m[36mSQL (0.5ms)[0m  [1mSELECT version FROM `schema_migrations`[0m
  [1m[35mSQL (0.8ms)[0m  INSERT INTO `schema_migrations` (version) VALUES ('20110902131948')
  [1m[36mSQL (0.7ms)[0m  [1mINSERT INTO `schema_migrations` (version) VALUES ('20110902131437')[0m
  [1m[35mSQL (0.7ms)[0m  INSERT INTO `schema_migrations` (version) VALUES ('20110901134435')
  [1m[36mSQL (0.6ms)[0m  [1mSHOW TABLES[0m
  [1m[35mSQL (0.5ms)[0m  SHOW TABLES
  [1m[36mSQL (0.3ms)[0m  [1mSELECT `schema_migrations`.`version` FROM `schema_migrations`[0m
  [1m[35mSQL (7.9ms)[0m  DROP DATABASE IF EXISTS `hwt_test`
  [1m[36mSQL (0.4ms)[0m  [1mCREATE DATABASE `hwt_test` DEFAULT CHARACTER SET `utf8`[0m
  [1m[35mSQL (0.4ms)[0m  SHOW TABLES
  [1m[36mSQL (33.1ms)[0m  [1mCREATE TABLE `my_test_scaffolds` (`id` int(11) DEFAULT NULL auto_increment PRIMARY KEY, `title` varchar(255), `description` text, `image_url` varchar(255), `price` decimal(8,2), `created_at` datetime, `updated_at` datetime) ENGINE=InnoDB[0m
  [1m[35mSQL (0.5ms)[0m  SHOW TABLES
  [1m[36mSQL (4.1ms)[0m  [1mCREATE TABLE `texts` (`id` int(11) DEFAULT NULL auto_increment PRIMARY KEY, `str` varchar(255), `created_at` datetime, `updated_at` datetime) ENGINE=InnoDB[0m
  [1m[35mSQL (0.5ms)[0m  SHOW TABLES
  [1m[36mSQL (4.1ms)[0m  [1mCREATE TABLE `schema_migrations` (`version` varchar(255) NOT NULL) ENGINE=InnoDB[0m
  [1m[35mSQL (0.6ms)[0m  SHOW KEYS FROM `schema_migrations`
  [1m[36mSQL (7.0ms)[0m  [1mCREATE UNIQUE INDEX `unique_schema_migrations` ON `schema_migrations` (`version`)[0m
  [1m[35mSQL (0.6ms)[0m  SHOW TABLES
  [1m[36mSQL (0.5ms)[0m  [1mSELECT version FROM `schema_migrations`[0m
  [1m[35mSQL (0.8ms)[0m  INSERT INTO `schema_migrations` (version) VALUES ('20110902131948')
  [1m[36mSQL (0.7ms)[0m  [1mINSERT INTO `schema_migrations` (version) VALUES ('20110902131437')[0m
  [1m[35mSQL (1.2ms)[0m  INSERT INTO `schema_migrations` (version) VALUES ('20110901134435')
  [1m[36mSQL (0.5ms)[0m  [1mSHOW TABLES[0m
  [1m[35mSQL (0.3ms)[0m  SHOW TABLES
  [1m[36mSQL (0.2ms)[0m  [1mSELECT `schema_migrations`.`version` FROM `schema_migrations`[0m
  [1m[35mSQL (5.3ms)[0m  DROP DATABASE IF EXISTS `hwt_test`
  [1m[36mSQL (0.3ms)[0m  [1mCREATE DATABASE `hwt_test` DEFAULT CHARACTER SET `utf8`[0m
  [1m[35mSQL (0.4ms)[0m  SHOW TABLES
  [1m[36mSQL (91.2ms)[0m  [1mCREATE TABLE `my_test_scaffolds` (`id` int(11) DEFAULT NULL auto_increment PRIMARY KEY, `title` varchar(255), `description` text, `image_url` varchar(255), `price` decimal(8,2), `created_at` datetime, `updated_at` datetime) ENGINE=InnoDB[0m
  [1m[35mSQL (0.6ms)[0m  SHOW TABLES
  [1m[36mSQL (23.5ms)[0m  [1mCREATE TABLE `texts` (`id` int(11) DEFAULT NULL auto_increment PRIMARY KEY, `str` varchar(255), `created_at` datetime, `updated_at` datetime) ENGINE=InnoDB[0m
  [1m[35mSQL (0.5ms)[0m  SHOW TABLES
  [1m[36mSQL (4.3ms)[0m  [1mCREATE TABLE `schema_migrations` (`version` varchar(255) NOT NULL) ENGINE=InnoDB[0m
  [1m[35mSQL (0.6ms)[0m  SHOW KEYS FROM `schema_migrations`
  [1m[36mSQL (6.8ms)[0m  [1mCREATE UNIQUE INDEX `unique_schema_migrations` ON `schema_migrations` (`version`)[0m
  [1m[35mSQL (0.5ms)[0m  SHOW TABLES
  [1m[36mSQL (0.6ms)[0m  [1mSELECT version FROM `schema_migrations`[0m
  [1m[35mSQL (0.8ms)[0m  INSERT INTO `schema_migrations` (version) VALUES ('20110902131948')
  [1m[36mSQL (0.8ms)[0m  [1mINSERT INTO `schema_migrations` (version) VALUES ('20110902131437')[0m
  [1m[35mSQL (1.0ms)[0m  INSERT INTO `schema_migrations` (version) VALUES ('20110901134435')
  [1m[36mSQL (1.0ms)[0m  [1mSHOW TABLES[0m
  [1m[35mSQL (0.5ms)[0m  SHOW TABLES
  [1m[36mSQL (0.4ms)[0m  [1mSELECT `schema_migrations`.`version` FROM `schema_migrations`[0m
  [1m[35mSQL (7.5ms)[0m  DROP DATABASE IF EXISTS `hwt_test`
  [1m[36mSQL (0.5ms)[0m  [1mCREATE DATABASE `hwt_test` DEFAULT CHARACTER SET `utf8`[0m
  [1m[35mSQL (0.5ms)[0m  SHOW TABLES
  [1m[36mSQL (10.3ms)[0m  [1mCREATE TABLE `my_test_scaffolds` (`id` int(11) DEFAULT NULL auto_increment PRIMARY KEY, `title` varchar(255), `description` text, `image_url` varchar(255), `price` decimal(8,2), `created_at` datetime, `updated_at` datetime) ENGINE=InnoDB[0m
  [1m[35mSQL (0.5ms)[0m  SHOW TABLES
  [1m[36mSQL (35.8ms)[0m  [1mCREATE TABLE `texts` (`id` int(11) DEFAULT NULL auto_increment PRIMARY KEY, `str` varchar(255), `created_at` datetime, `updated_at` datetime) ENGINE=InnoDB[0m
  [1m[35mSQL (0.5ms)[0m  SHOW TABLES
  [1m[36mSQL (4.2ms)[0m  [1mCREATE TABLE `schema_migrations` (`version` varchar(255) NOT NULL) ENGINE=InnoDB[0m
  [1m[35mSQL (0.7ms)[0m  SHOW KEYS FROM `schema_migrations`
  [1m[36mSQL (12.7ms)[0m  [1mCREATE UNIQUE INDEX `unique_schema_migrations` ON `schema_migrations` (`version`)[0m
  [1m[35mSQL (0.6ms)[0m  SHOW TABLES
  [1m[36mSQL (0.7ms)[0m  [1mSELECT version FROM `schema_migrations`[0m
  [1m[35mSQL (1.0ms)[0m  INSERT INTO `schema_migrations` (version) VALUES ('20110902131948')
  [1m[36mSQL (0.7ms)[0m  [1mINSERT INTO `schema_migrations` (version) VALUES ('20110902131437')[0m
  [1m[35mSQL (0.8ms)[0m  INSERT INTO `schema_migrations` (version) VALUES ('20110901134435')
  [1m[36mSQL (63.1ms)[0m  [1mSHOW TABLES[0m
  [1m[35mSQL (0.6ms)[0m  SHOW TABLES
  [1m[36mSQL (23.8ms)[0m  [1mSELECT `schema_migrations`.`version` FROM `schema_migrations`[0m
  [1m[35mSQL (124.9ms)[0m  DROP DATABASE IF EXISTS `hwt_test`
  [1m[36mSQL (0.6ms)[0m  [1mCREATE DATABASE `hwt_test` DEFAULT CHARACTER SET `utf8`[0m
  [1m[35mSQL (0.4ms)[0m  SHOW TABLES
  [1m[36mSQL (41.2ms)[0m  [1mCREATE TABLE `my_test_scaffolds` (`id` int(11) DEFAULT NULL auto_increment PRIMARY KEY, `title` varchar(255), `description` text, `image_url` varchar(255), `price` decimal(8,2), `created_at` datetime, `updated_at` datetime) ENGINE=InnoDB[0m
  [1m[35mSQL (0.7ms)[0m  SHOW TABLES
  [1m[36mSQL (28.8ms)[0m  [1mCREATE TABLE `texts` (`id` int(11) DEFAULT NULL auto_increment PRIMARY KEY, `str` varchar(255), `created_at` datetime, `updated_at` datetime) ENGINE=InnoDB[0m
  [1m[35mSQL (0.5ms)[0m  SHOW TABLES
  [1m[36mSQL (11.8ms)[0m  [1mCREATE TABLE `schema_migrations` (`version` varchar(255) NOT NULL) ENGINE=InnoDB[0m
  [1m[35mSQL (0.9ms)[0m  SHOW KEYS FROM `schema_migrations`
  [1m[36mSQL (29.5ms)[0m  [1mCREATE UNIQUE INDEX `unique_schema_migrations` ON `schema_migrations` (`version`)[0m
  [1m[35mSQL (0.6ms)[0m  SHOW TABLES
  [1m[36mSQL (0.9ms)[0m  [1mSELECT version FROM `schema_migrations`[0m
  [1m[35mSQL (14.1ms)[0m  INSERT INTO `schema_migrations` (version) VALUES ('20110902131948')
  [1m[36mSQL (0.7ms)[0m  [1mINSERT INTO `schema_migrations` (version) VALUES ('20110902131437')[0m
  [1m[35mSQL (0.7ms)[0m  INSERT INTO `schema_migrations` (version) VALUES ('20110901134435')
  [1m[36mSQL (0.7ms)[0m  [1mSHOW TABLES[0m
  [1m[35mSQL (0.2ms)[0m  SHOW TABLES
  [1m[36mSQL (0.2ms)[0m  [1mSELECT `schema_migrations`.`version` FROM `schema_migrations`[0m
  [1m[35mSQL (27.5ms)[0m  DROP DATABASE IF EXISTS `hwt_test`
  [1m[36mSQL (0.2ms)[0m  [1mCREATE DATABASE `hwt_test` DEFAULT CHARACTER SET `utf8`[0m
  [1m[35mSQL (0.3ms)[0m  SHOW TABLES
  [1m[36mSQL (7.4ms)[0m  [1mCREATE TABLE `my_test_scaffolds` (`id` int(11) DEFAULT NULL auto_increment PRIMARY KEY, `title` varchar(255), `description` text, `image_url` varchar(255), `price` decimal(8,2), `created_at` datetime, `updated_at` datetime) ENGINE=InnoDB[0m
  [1m[35mSQL (0.3ms)[0m  SHOW TABLES
  [1m[36mSQL (3.6ms)[0m  [1mCREATE TABLE `texts` (`id` int(11) DEFAULT NULL auto_increment PRIMARY KEY, `str` varchar(255), `created_at` datetime, `updated_at` datetime) ENGINE=InnoDB[0m
  [1m[35mSQL (0.2ms)[0m  SHOW TABLES
  [1m[36mSQL (2.8ms)[0m  [1mCREATE TABLE `schema_migrations` (`version` varchar(255) NOT NULL) ENGINE=InnoDB[0m
  [1m[35mSQL (0.3ms)[0m  SHOW KEYS FROM `schema_migrations`
  [1m[36mSQL (34.5ms)[0m  [1mCREATE UNIQUE INDEX `unique_schema_migrations` ON `schema_migrations` (`version`)[0m
  [1m[35mSQL (0.3ms)[0m  SHOW TABLES
  [1m[36mSQL (0.3ms)[0m  [1mSELECT version FROM `schema_migrations`[0m
  [1m[35mSQL (0.6ms)[0m  INSERT INTO `schema_migrations` (version) VALUES ('20110902131948')
  [1m[36mSQL (0.5ms)[0m  [1mINSERT INTO `schema_migrations` (version) VALUES ('20110902131437')[0m
  [1m[35mSQL (0.4ms)[0m  INSERT INTO `schema_migrations` (version) VALUES ('20110901134435')
  [1m[36mSQL (0.4ms)[0m  [1mSHOW TABLES[0m
  [1m[35mSQL (15.3ms)[0m  SHOW TABLES
  [1m[36mSQL (0.1ms)[0m  [1mSELECT `schema_migrations`.`version` FROM `schema_migrations`[0m
  [1m[35mSQL (15.6ms)[0m  DROP DATABASE IF EXISTS `hwt_test`
  [1m[36mSQL (0.2ms)[0m  [1mCREATE DATABASE `hwt_test` DEFAULT CHARACTER SET `utf8`[0m
  [1m[35mSQL (0.2ms)[0m  SHOW TABLES
  [1m[36mSQL (32.3ms)[0m  [1mCREATE TABLE `my_test_scaffolds` (`id` int(11) DEFAULT NULL auto_increment PRIMARY KEY, `title` varchar(255), `description` text, `image_url` varchar(255), `price` decimal(8,2), `created_at` datetime, `updated_at` datetime) ENGINE=InnoDB[0m
  [1m[35mSQL (0.3ms)[0m  SHOW TABLES
  [1m[36mSQL (3.4ms)[0m  [1mCREATE TABLE `texts` (`id` int(11) DEFAULT NULL auto_increment PRIMARY KEY, `str` varchar(255), `created_at` datetime, `updated_at` datetime) ENGINE=InnoDB[0m
  [1m[35mSQL (0.2ms)[0m  SHOW TABLES
  [1m[36mSQL (3.0ms)[0m  [1mCREATE TABLE `schema_migrations` (`version` varchar(255) NOT NULL) ENGINE=InnoDB[0m
  [1m[35mSQL (0.4ms)[0m  SHOW KEYS FROM `schema_migrations`
  [1m[36mSQL (34.1ms)[0m  [1mCREATE UNIQUE INDEX `unique_schema_migrations` ON `schema_migrations` (`version`)[0m
  [1m[35mSQL (0.6ms)[0m  SHOW TABLES
  [1m[36mSQL (0.5ms)[0m  [1mSELECT version FROM `schema_migrations`[0m
  [1m[35mSQL (0.9ms)[0m  INSERT INTO `schema_migrations` (version) VALUES ('20110902131948')
  [1m[36mSQL (0.7ms)[0m  [1mINSERT INTO `schema_migrations` (version) VALUES ('20110902131437')[0m
  [1m[35mSQL (0.8ms)[0m  INSERT INTO `schema_migrations` (version) VALUES ('20110901134435')
  [1m[36mSQL (1.3ms)[0m  [1mSHOW TABLES[0m
  [1m[35mSQL (0.2ms)[0m  SHOW TABLES
  [1m[36mSQL (0.3ms)[0m  [1mSELECT `schema_migrations`.`version` FROM `schema_migrations`[0m
  [1m[35mSQL (34.9ms)[0m  DROP DATABASE IF EXISTS `hwt_test`
  [1m[36mSQL (0.3ms)[0m  [1mCREATE DATABASE `hwt_test` DEFAULT CHARACTER SET `utf8`[0m
  [1m[35mSQL (0.3ms)[0m  SHOW TABLES
  [1m[36mSQL (39.1ms)[0m  [1mCREATE TABLE `my_test_scaffolds` (`id` int(11) DEFAULT NULL auto_increment PRIMARY KEY, `title` varchar(255), `description` text, `image_url` varchar(255), `price` decimal(8,2), `created_at` datetime, `updated_at` datetime) ENGINE=InnoDB[0m
  [1m[35mSQL (0.5ms)[0m  SHOW TABLES
  [1m[36mSQL (5.3ms)[0m  [1mCREATE TABLE `texts` (`id` int(11) DEFAULT NULL auto_increment PRIMARY KEY, `str` varchar(255), `created_at` datetime, `updated_at` datetime) ENGINE=InnoDB[0m
  [1m[35mSQL (0.5ms)[0m  SHOW TABLES
  [1m[36mSQL (4.4ms)[0m  [1mCREATE TABLE `schema_migrations` (`version` varchar(255) NOT NULL) ENGINE=InnoDB[0m
  [1m[35mSQL (0.8ms)[0m  SHOW KEYS FROM `schema_migrations`
  [1m[36mSQL (8.2ms)[0m  [1mCREATE UNIQUE INDEX `unique_schema_migrations` ON `schema_migrations` (`version`)[0m
  [1m[35mSQL (0.6ms)[0m  SHOW TABLES
  [1m[36mSQL (0.7ms)[0m  [1mSELECT version FROM `schema_migrations`[0m
  [1m[35mSQL (1.2ms)[0m  INSERT INTO `schema_migrations` (version) VALUES ('20110902131948')
  [1m[36mSQL (0.7ms)[0m  [1mINSERT INTO `schema_migrations` (version) VALUES ('20110902131437')[0m
  [1m[35mSQL (0.8ms)[0m  INSERT INTO `schema_migrations` (version) VALUES ('20110901134435')
  [1m[36mSQL (0.4ms)[0m  [1mSHOW TABLES[0m
  [1m[35mSQL (0.2ms)[0m  SHOW TABLES
  [1m[36mSQL (0.2ms)[0m  [1mSELECT `schema_migrations`.`version` FROM `schema_migrations`[0m
  [1m[35mSQL (4.7ms)[0m  DROP DATABASE IF EXISTS `hwt_test`
  [1m[36mSQL (0.2ms)[0m  [1mCREATE DATABASE `hwt_test` DEFAULT CHARACTER SET `utf8`[0m
  [1m[35mSQL (0.3ms)[0m  SHOW TABLES
  [1m[36mSQL (9.3ms)[0m  [1mCREATE TABLE `my_test_scaffolds` (`id` int(11) DEFAULT NULL auto_increment PRIMARY KEY, `title` varchar(255), `description` text, `image_url` varchar(255), `price` decimal(8,2), `created_at` datetime, `updated_at` datetime) ENGINE=InnoDB[0m
  [1m[35mSQL (0.3ms)[0m  SHOW TABLES
  [1m[36mSQL (3.4ms)[0m  [1mCREATE TABLE `texts` (`id` int(11) DEFAULT NULL auto_increment PRIMARY KEY, `str` varchar(255), `created_at` datetime, `updated_at` datetime) ENGINE=InnoDB[0m
  [1m[35mSQL (0.3ms)[0m  SHOW TABLES
  [1m[36mSQL (5.1ms)[0m  [1mCREATE TABLE `schema_migrations` (`version` varchar(255) NOT NULL) ENGINE=InnoDB[0m
  [1m[35mSQL (0.4ms)[0m  SHOW KEYS FROM `schema_migrations`
  [1m[36mSQL (45.1ms)[0m  [1mCREATE UNIQUE INDEX `unique_schema_migrations` ON `schema_migrations` (`version`)[0m
  [1m[35mSQL (0.4ms)[0m  SHOW TABLES
  [1m[36mSQL (0.3ms)[0m  [1mSELECT version FROM `schema_migrations`[0m
  [1m[35mSQL (0.6ms)[0m  INSERT INTO `schema_migrations` (version) VALUES ('20110902131948')
  [1m[36mSQL (0.5ms)[0m  [1mINSERT INTO `schema_migrations` (version) VALUES ('20110902131437')[0m
  [1m[35mSQL (0.5ms)[0m  INSERT INTO `schema_migrations` (version) VALUES ('20110901134435')
  [1m[36mSQL (0.5ms)[0m  [1mSHOW TABLES[0m
  [1m[35mSQL (0.2ms)[0m  SHOW TABLES
  [1m[36mSQL (0.2ms)[0m  [1mSELECT `schema_migrations`.`version` FROM `schema_migrations`[0m
  [1m[35mSQL (5.3ms)[0m  DROP DATABASE IF EXISTS `hwt_test`
  [1m[36mSQL (0.3ms)[0m  [1mCREATE DATABASE `hwt_test` DEFAULT CHARACTER SET `utf8`[0m
  [1m[35mSQL (0.3ms)[0m  SHOW TABLES
  [1m[36mSQL (8.7ms)[0m  [1mCREATE TABLE `my_test_scaffolds` (`id` int(11) DEFAULT NULL auto_increment PRIMARY KEY, `title` varchar(255), `description` text, `image_url` varchar(255), `price` decimal(8,2), `created_at` datetime, `updated_at` datetime) ENGINE=InnoDB[0m
  [1m[35mSQL (0.3ms)[0m  SHOW TABLES
  [1m[36mSQL (3.3ms)[0m  [1mCREATE TABLE `texts` (`id` int(11) DEFAULT NULL auto_increment PRIMARY KEY, `str` varchar(255), `created_at` datetime, `updated_at` datetime) ENGINE=InnoDB[0m
  [1m[35mSQL (0.3ms)[0m  SHOW TABLES
  [1m[36mSQL (3.0ms)[0m  [1mCREATE TABLE `schema_migrations` (`version` varchar(255) NOT NULL) ENGINE=InnoDB[0m
  [1m[35mSQL (0.3ms)[0m  SHOW KEYS FROM `schema_migrations`
  [1m[36mSQL (93.9ms)[0m  [1mCREATE UNIQUE INDEX `unique_schema_migrations` ON `schema_migrations` (`version`)[0m
  [1m[35mSQL (0.5ms)[0m  SHOW TABLES
  [1m[36mSQL (0.8ms)[0m  [1mSELECT version FROM `schema_migrations`[0m
  [1m[35mSQL (0.9ms)[0m  INSERT INTO `schema_migrations` (version) VALUES ('20110902131948')
  [1m[36mSQL (0.7ms)[0m  [1mINSERT INTO `schema_migrations` (version) VALUES ('20110902131437')[0m
  [1m[35mSQL (1.3ms)[0m  INSERT INTO `schema_migrations` (version) VALUES ('20110901134435')
  [1m[36mSQL (0.6ms)[0m  [1mSHOW TABLES[0m
  [1m[35mSQL (0.3ms)[0m  SHOW TABLES
  [1m[36mSQL (0.1ms)[0m  [1mSELECT `schema_migrations`.`version` FROM `schema_migrations`[0m
  [1m[35mSQL (40.9ms)[0m  DROP DATABASE IF EXISTS `hwt_test`
  [1m[36mSQL (0.5ms)[0m  [1mCREATE DATABASE `hwt_test` DEFAULT CHARACTER SET `utf8`[0m
  [1m[35mSQL (0.5ms)[0m  SHOW TABLES
  [1m[36mSQL (10.1ms)[0m  [1mCREATE TABLE `my_test_scaffolds` (`id` int(11) DEFAULT NULL auto_increment PRIMARY KEY, `title` varchar(255), `description` text, `image_url` varchar(255), `price` decimal(8,2), `created_at` datetime, `updated_at` datetime) ENGINE=InnoDB[0m
  [1m[35mSQL (0.4ms)[0m  SHOW TABLES
  [1m[36mSQL (4.3ms)[0m  [1mCREATE TABLE `texts` (`id` int(11) DEFAULT NULL auto_increment PRIMARY KEY, `str` varchar(255), `created_at` datetime, `updated_at` datetime) ENGINE=InnoDB[0m
  [1m[35mSQL (0.5ms)[0m  SHOW TABLES
  [1m[36mSQL (38.2ms)[0m  [1mCREATE TABLE `schema_migrations` (`version` varchar(255) NOT NULL) ENGINE=InnoDB[0m
  [1m[35mSQL (0.7ms)[0m  SHOW KEYS FROM `schema_migrations`
  [1m[36mSQL (14.8ms)[0m  [1mCREATE UNIQUE INDEX `unique_schema_migrations` ON `schema_migrations` (`version`)[0m
  [1m[35mSQL (0.5ms)[0m  SHOW TABLES
  [1m[36mSQL (0.7ms)[0m  [1mSELECT version FROM `schema_migrations`[0m
  [1m[35mSQL (0.9ms)[0m  INSERT INTO `schema_migrations` (version) VALUES ('20110902131948')
  [1m[36mSQL (0.7ms)[0m  [1mINSERT INTO `schema_migrations` (version) VALUES ('20110902131437')[0m
  [1m[35mSQL (1.1ms)[0m  INSERT INTO `schema_migrations` (version) VALUES ('20110901134435')
  [1m[36mSQL (0.4ms)[0m  [1mSHOW TABLES[0m
  [1m[35mSQL (0.2ms)[0m  SHOW TABLES
  [1m[36mSQL (0.1ms)[0m  [1mSELECT `schema_migrations`.`version` FROM `schema_migrations`[0m
  [1m[35mSQL (7.7ms)[0m  DROP DATABASE IF EXISTS `hwt_test`
  [1m[36mSQL (0.2ms)[0m  [1mCREATE DATABASE `hwt_test` DEFAULT CHARACTER SET `utf8`[0m
  [1m[35mSQL (0.2ms)[0m  SHOW TABLES
  [1m[36mSQL (33.5ms)[0m  [1mCREATE TABLE `my_test_scaffolds` (`id` int(11) DEFAULT NULL auto_increment PRIMARY KEY, `title` varchar(255), `description` text, `image_url` varchar(255), `price` decimal(8,2), `created_at` datetime, `updated_at` datetime) ENGINE=InnoDB[0m
  [1m[35mSQL (0.3ms)[0m  SHOW TABLES
  [1m[36mSQL (3.2ms)[0m  [1mCREATE TABLE `texts` (`id` int(11) DEFAULT NULL auto_increment PRIMARY KEY, `str` varchar(255), `created_at` datetime, `updated_at` datetime) ENGINE=InnoDB[0m
  [1m[35mSQL (0.2ms)[0m  SHOW TABLES
  [1m[36mSQL (2.7ms)[0m  [1mCREATE TABLE `schema_migrations` (`version` varchar(255) NOT NULL) ENGINE=InnoDB[0m
  [1m[35mSQL (0.3ms)[0m  SHOW KEYS FROM `schema_migrations`
  [1m[36mSQL (5.0ms)[0m  [1mCREATE UNIQUE INDEX `unique_schema_migrations` ON `schema_migrations` (`version`)[0m
  [1m[35mSQL (0.3ms)[0m  SHOW TABLES
  [1m[36mSQL (0.3ms)[0m  [1mSELECT version FROM `schema_migrations`[0m
  [1m[35mSQL (0.6ms)[0m  INSERT INTO `schema_migrations` (version) VALUES ('20110902131948')
  [1m[36mSQL (0.4ms)[0m  [1mINSERT INTO `schema_migrations` (version) VALUES ('20110902131437')[0m
  [1m[35mSQL (0.4ms)[0m  INSERT INTO `schema_migrations` (version) VALUES ('20110901134435')
  [1m[36mSQL (0.5ms)[0m  [1mSHOW TABLES[0m
  [1m[35mSQL (0.2ms)[0m  SHOW TABLES
  [1m[36mSQL (0.2ms)[0m  [1mSELECT `schema_migrations`.`version` FROM `schema_migrations`[0m
  [1m[35mSQL (5.2ms)[0m  DROP DATABASE IF EXISTS `hwt_test`
  [1m[36mSQL (0.2ms)[0m  [1mCREATE DATABASE `hwt_test` DEFAULT CHARACTER SET `utf8`[0m
  [1m[35mSQL (0.2ms)[0m  SHOW TABLES
  [1m[36mSQL (33.2ms)[0m  [1mCREATE TABLE `my_test_scaffolds` (`id` int(11) DEFAULT NULL auto_increment PRIMARY KEY, `title` varchar(255), `description` text, `image_url` varchar(255), `price` decimal(8,2), `created_at` datetime, `updated_at` datetime) ENGINE=InnoDB[0m
  [1m[35mSQL (0.3ms)[0m  SHOW TABLES
  [1m[36mSQL (3.3ms)[0m  [1mCREATE TABLE `texts` (`id` int(11) DEFAULT NULL auto_increment PRIMARY KEY, `str` varchar(255), `created_at` datetime, `updated_at` datetime) ENGINE=InnoDB[0m
  [1m[35mSQL (0.3ms)[0m  SHOW TABLES
  [1m[36mSQL (3.3ms)[0m  [1mCREATE TABLE `schema_migrations` (`version` varchar(255) NOT NULL) ENGINE=InnoDB[0m
  [1m[35mSQL (0.3ms)[0m  SHOW KEYS FROM `schema_migrations`
  [1m[36mSQL (6.3ms)[0m  [1mCREATE UNIQUE INDEX `unique_schema_migrations` ON `schema_migrations` (`version`)[0m
  [1m[35mSQL (0.3ms)[0m  SHOW TABLES
  [1m[36mSQL (0.3ms)[0m  [1mSELECT version FROM `schema_migrations`[0m
  [1m[35mSQL (0.6ms)[0m  INSERT INTO `schema_migrations` (version) VALUES ('20110902131948')
  [1m[36mSQL (0.6ms)[0m  [1mINSERT INTO `schema_migrations` (version) VALUES ('20110902131437')[0m
  [1m[35mSQL (0.5ms)[0m  INSERT INTO `schema_migrations` (version) VALUES ('20110901134435')
  [1m[36mSQL (0.8ms)[0m  [1mSHOW TABLES[0m
  [1m[35mSQL (0.2ms)[0m  SHOW TABLES
  [1m[36mSQL (0.2ms)[0m  [1mSELECT `schema_migrations`.`version` FROM `schema_migrations`[0m
  [1m[35mSQL (37.4ms)[0m  DROP DATABASE IF EXISTS `hwt_test`
  [1m[36mSQL (0.3ms)[0m  [1mCREATE DATABASE `hwt_test` DEFAULT CHARACTER SET `utf8`[0m
  [1m[35mSQL (0.3ms)[0m  SHOW TABLES
  [1m[36mSQL (7.8ms)[0m  [1mCREATE TABLE `my_test_scaffolds` (`id` int(11) DEFAULT NULL auto_increment PRIMARY KEY, `title` varchar(255), `description` text, `image_url` varchar(255), `price` decimal(8,2), `created_at` datetime, `updated_at` datetime) ENGINE=InnoDB[0m
  [1m[35mSQL (0.3ms)[0m  SHOW TABLES
  [1m[36mSQL (3.7ms)[0m  [1mCREATE TABLE `texts` (`id` int(11) DEFAULT NULL auto_increment PRIMARY KEY, `str` varchar(255), `created_at` datetime, `updated_at` datetime) ENGINE=InnoDB[0m
  [1m[35mSQL (0.2ms)[0m  SHOW TABLES
  [1m[36mSQL (31.4ms)[0m  [1mCREATE TABLE `schema_migrations` (`version` varchar(255) NOT NULL) ENGINE=InnoDB[0m
  [1m[35mSQL (0.7ms)[0m  SHOW KEYS FROM `schema_migrations`
  [1m[36mSQL (13.6ms)[0m  [1mCREATE UNIQUE INDEX `unique_schema_migrations` ON `schema_migrations` (`version`)[0m
  [1m[35mSQL (0.6ms)[0m  SHOW TABLES
  [1m[36mSQL (0.5ms)[0m  [1mSELECT version FROM `schema_migrations`[0m
  [1m[35mSQL (1.0ms)[0m  INSERT INTO `schema_migrations` (version) VALUES ('20110902131948')
  [1m[36mSQL (0.7ms)[0m  [1mINSERT INTO `schema_migrations` (version) VALUES ('20110902131437')[0m
  [1m[35mSQL (0.7ms)[0m  INSERT INTO `schema_migrations` (version) VALUES ('20110901134435')
  [1m[36mSQL (0.3ms)[0m  [1mSHOW TABLES[0m
  [1m[35mSQL (3.0ms)[0m  SHOW TABLES
  [1m[36mSQL (0.1ms)[0m  [1mSELECT `schema_migrations`.`version` FROM `schema_migrations`[0m
  [1m[35mSQL (5.4ms)[0m  DROP DATABASE IF EXISTS `hwt_test`
  [1m[36mSQL (0.2ms)[0m  [1mCREATE DATABASE `hwt_test` DEFAULT CHARACTER SET `utf8`[0m
  [1m[35mSQL (0.2ms)[0m  SHOW TABLES
  [1m[36mSQL (6.8ms)[0m  [1mCREATE TABLE `my_test_scaffolds` (`id` int(11) DEFAULT NULL auto_increment PRIMARY KEY, `title` varchar(255), `description` text, `image_url` varchar(255), `price` decimal(8,2), `created_at` datetime, `updated_at` datetime) ENGINE=InnoDB[0m
  [1m[35mSQL (0.3ms)[0m  SHOW TABLES
  [1m[36mSQL (2.9ms)[0m  [1mCREATE TABLE `texts` (`id` int(11) DEFAULT NULL auto_increment PRIMARY KEY, `str` varchar(255), `created_at` datetime, `updated_at` datetime) ENGINE=InnoDB[0m
  [1m[35mSQL (0.3ms)[0m  SHOW TABLES
  [1m[36mSQL (2.6ms)[0m  [1mCREATE TABLE `schema_migrations` (`version` varchar(255) NOT NULL) ENGINE=InnoDB[0m
  [1m[35mSQL (0.3ms)[0m  SHOW KEYS FROM `schema_migrations`
  [1m[36mSQL (4.6ms)[0m  [1mCREATE UNIQUE INDEX `unique_schema_migrations` ON `schema_migrations` (`version`)[0m
  [1m[35mSQL (0.3ms)[0m  SHOW TABLES
  [1m[36mSQL (0.3ms)[0m  [1mSELECT version FROM `schema_migrations`[0m
  [1m[35mSQL (0.5ms)[0m  INSERT INTO `schema_migrations` (version) VALUES ('20110902131948')
  [1m[36mSQL (0.5ms)[0m  [1mINSERT INTO `schema_migrations` (version) VALUES ('20110902131437')[0m
  [1m[35mSQL (0.5ms)[0m  INSERT INTO `schema_migrations` (version) VALUES ('20110901134435')
  [1m[36mSQL (0.7ms)[0m  [1mSHOW TABLES[0m
  [1m[35mSQL (0.2ms)[0m  SHOW TABLES
  [1m[36mSQL (0.1ms)[0m  [1mSELECT `schema_migrations`.`version` FROM `schema_migrations`[0m
  [1m[35mSQL (5.3ms)[0m  DROP DATABASE IF EXISTS `hwt_test`
  [1m[36mSQL (0.2ms)[0m  [1mCREATE DATABASE `hwt_test` DEFAULT CHARACTER SET `utf8`[0m
  [1m[35mSQL (0.2ms)[0m  SHOW TABLES
  [1m[36mSQL (5.7ms)[0m  [1mCREATE TABLE `my_test_scaffolds` (`id` int(11) DEFAULT NULL auto_increment PRIMARY KEY, `title` varchar(255), `description` text, `image_url` varchar(255), `price` decimal(8,2), `created_at` datetime, `updated_at` datetime) ENGINE=InnoDB[0m
  [1m[35mSQL (0.3ms)[0m  SHOW TABLES
  [1m[36mSQL (2.7ms)[0m  [1mCREATE TABLE `texts` (`id` int(11) DEFAULT NULL auto_increment PRIMARY KEY, `str` varchar(255), `created_at` datetime, `updated_at` datetime) ENGINE=InnoDB[0m
  [1m[35mSQL (0.2ms)[0m  SHOW TABLES
  [1m[36mSQL (2.7ms)[0m  [1mCREATE TABLE `schema_migrations` (`version` varchar(255) NOT NULL) ENGINE=InnoDB[0m
  [1m[35mSQL (0.3ms)[0m  SHOW KEYS FROM `schema_migrations`
  [1m[36mSQL (4.6ms)[0m  [1mCREATE UNIQUE INDEX `unique_schema_migrations` ON `schema_migrations` (`version`)[0m
  [1m[35mSQL (0.3ms)[0m  SHOW TABLES
  [1m[36mSQL (0.3ms)[0m  [1mSELECT version FROM `schema_migrations`[0m
  [1m[35mSQL (0.5ms)[0m  INSERT INTO `schema_migrations` (version) VALUES ('20110902131948')
  [1m[36mSQL (0.5ms)[0m  [1mINSERT INTO `schema_migrations` (version) VALUES ('20110902131437')[0m
  [1m[35mSQL (0.4ms)[0m  INSERT INTO `schema_migrations` (version) VALUES ('20110901134435')
  [1m[36mSQL (0.4ms)[0m  [1mSHOW TABLES[0m
  [1m[35mSQL (0.2ms)[0m  SHOW TABLES
  [1m[36mSQL (0.2ms)[0m  [1mSELECT `schema_migrations`.`version` FROM `schema_migrations`[0m
  [1m[35mSQL (5.6ms)[0m  DROP DATABASE IF EXISTS `hwt_test`
  [1m[36mSQL (0.3ms)[0m  [1mCREATE DATABASE `hwt_test` DEFAULT CHARACTER SET `utf8`[0m
  [1m[35mSQL (0.3ms)[0m  SHOW TABLES
  [1m[36mSQL (8.2ms)[0m  [1mCREATE TABLE `my_test_scaffolds` (`id` int(11) DEFAULT NULL auto_increment PRIMARY KEY, `title` varchar(255), `description` text, `image_url` varchar(255), `price` decimal(8,2), `created_at` datetime, `updated_at` datetime) ENGINE=InnoDB[0m
  [1m[35mSQL (0.3ms)[0m  SHOW TABLES
  [1m[36mSQL (3.3ms)[0m  [1mCREATE TABLE `texts` (`id` int(11) DEFAULT NULL auto_increment PRIMARY KEY, `str` varchar(255), `created_at` datetime, `updated_at` datetime) ENGINE=InnoDB[0m
  [1m[35mSQL (0.3ms)[0m  SHOW TABLES
  [1m[36mSQL (3.3ms)[0m  [1mCREATE TABLE `schema_migrations` (`version` varchar(255) NOT NULL) ENGINE=InnoDB[0m
  [1m[35mSQL (0.4ms)[0m  SHOW KEYS FROM `schema_migrations`
  [1m[36mSQL (5.6ms)[0m  [1mCREATE UNIQUE INDEX `unique_schema_migrations` ON `schema_migrations` (`version`)[0m
  [1m[35mSQL (0.3ms)[0m  SHOW TABLES
  [1m[36mSQL (0.3ms)[0m  [1mSELECT version FROM `schema_migrations`[0m
  [1m[35mSQL (0.6ms)[0m  INSERT INTO `schema_migrations` (version) VALUES ('20110902131948')
  [1m[36mSQL (0.4ms)[0m  [1mINSERT INTO `schema_migrations` (version) VALUES ('20110902131437')[0m
  [1m[35mSQL (0.4ms)[0m  INSERT INTO `schema_migrations` (version) VALUES ('20110901134435')
  [1m[36mSQL (0.3ms)[0m  [1mSHOW TABLES[0m
  [1m[35mSQL (0.2ms)[0m  SHOW TABLES
  [1m[36mSQL (0.2ms)[0m  [1mSELECT `schema_migrations`.`version` FROM `schema_migrations`[0m
  [1m[35mSQL (6.0ms)[0m  DROP DATABASE IF EXISTS `hwt_test`
  [1m[36mSQL (0.2ms)[0m  [1mCREATE DATABASE `hwt_test` DEFAULT CHARACTER SET `utf8`[0m
  [1m[35mSQL (0.3ms)[0m  SHOW TABLES
  [1m[36mSQL (57.9ms)[0m  [1mCREATE TABLE `my_test_scaffolds` (`id` int(11) DEFAULT NULL auto_increment PRIMARY KEY, `title` varchar(255), `description` text, `image_url` varchar(255), `price` decimal(8,2), `created_at` datetime, `updated_at` datetime) ENGINE=InnoDB[0m
  [1m[35mSQL (0.4ms)[0m  SHOW TABLES
  [1m[36mSQL (5.2ms)[0m  [1mCREATE TABLE `texts` (`id` int(11) DEFAULT NULL auto_increment PRIMARY KEY, `str` varchar(255), `created_at` datetime, `updated_at` datetime) ENGINE=InnoDB[0m
  [1m[35mSQL (0.4ms)[0m  SHOW TABLES
  [1m[36mSQL (4.2ms)[0m  [1mCREATE TABLE `schema_migrations` (`version` varchar(255) NOT NULL) ENGINE=InnoDB[0m
  [1m[35mSQL (0.5ms)[0m  SHOW KEYS FROM `schema_migrations`
  [1m[36mSQL (5.7ms)[0m  [1mCREATE UNIQUE INDEX `unique_schema_migrations` ON `schema_migrations` (`version`)[0m
  [1m[35mSQL (0.4ms)[0m  SHOW TABLES
  [1m[36mSQL (0.5ms)[0m  [1mSELECT version FROM `schema_migrations`[0m
  [1m[35mSQL (1.1ms)[0m  INSERT INTO `schema_migrations` (version) VALUES ('20110902131948')
  [1m[36mSQL (0.6ms)[0m  [1mINSERT INTO `schema_migrations` (version) VALUES ('20110902131437')[0m
  [1m[35mSQL (0.5ms)[0m  INSERT INTO `schema_migrations` (version) VALUES ('20110901134435')
  [1m[36mSQL (0.4ms)[0m  [1mSHOW TABLES[0m
  [1m[35mSQL (0.2ms)[0m  SHOW TABLES
  [1m[36mSQL (0.1ms)[0m  [1mSELECT `schema_migrations`.`version` FROM `schema_migrations`[0m
  [1m[35mSQL (7.6ms)[0m  DROP DATABASE IF EXISTS `hwt_test`
  [1m[36mSQL (0.2ms)[0m  [1mCREATE DATABASE `hwt_test` DEFAULT CHARACTER SET `utf8`[0m
  [1m[35mSQL (0.4ms)[0m  SHOW TABLES
  [1m[36mSQL (9.7ms)[0m  [1mCREATE TABLE `my_test_scaffolds` (`id` int(11) DEFAULT NULL auto_increment PRIMARY KEY, `title` varchar(255), `description` text, `image_url` varchar(255), `price` decimal(8,2), `created_at` datetime, `updated_at` datetime) ENGINE=InnoDB[0m
  [1m[35mSQL (0.3ms)[0m  SHOW TABLES
  [1m[36mSQL (5.6ms)[0m  [1mCREATE TABLE `texts` (`id` int(11) DEFAULT NULL auto_increment PRIMARY KEY, `str` varchar(255), `created_at` datetime, `updated_at` datetime) ENGINE=InnoDB[0m
  [1m[35mSQL (0.3ms)[0m  SHOW TABLES
  [1m[36mSQL (2.8ms)[0m  [1mCREATE TABLE `schema_migrations` (`version` varchar(255) NOT NULL) ENGINE=InnoDB[0m
  [1m[35mSQL (0.3ms)[0m  SHOW KEYS FROM `schema_migrations`
  [1m[36mSQL (35.1ms)[0m  [1mCREATE UNIQUE INDEX `unique_schema_migrations` ON `schema_migrations` (`version`)[0m
  [1m[35mSQL (0.4ms)[0m  SHOW TABLES
  [1m[36mSQL (0.4ms)[0m  [1mSELECT version FROM `schema_migrations`[0m
  [1m[35mSQL (0.6ms)[0m  INSERT INTO `schema_migrations` (version) VALUES ('20110902131948')
  [1m[36mSQL (0.5ms)[0m  [1mINSERT INTO `schema_migrations` (version) VALUES ('20110902131437')[0m
  [1m[35mSQL (0.5ms)[0m  INSERT INTO `schema_migrations` (version) VALUES ('20110901134435')
  [1m[36mSQL (0.3ms)[0m  [1mSHOW TABLES[0m
  [1m[35mSQL (0.3ms)[0m  SHOW TABLES
  [1m[36mSQL (0.2ms)[0m  [1mSELECT `schema_migrations`.`version` FROM `schema_migrations`[0m
  [1m[35mSQL (6.2ms)[0m  DROP DATABASE IF EXISTS `hwt_test`
  [1m[36mSQL (0.2ms)[0m  [1mCREATE DATABASE `hwt_test` DEFAULT CHARACTER SET `utf8`[0m
  [1m[35mSQL (0.2ms)[0m  SHOW TABLES
  [1m[36mSQL (9.6ms)[0m  [1mCREATE TABLE `my_test_scaffolds` (`id` int(11) DEFAULT NULL auto_increment PRIMARY KEY, `title` varchar(255), `description` text, `image_url` varchar(255), `price` decimal(8,2), `created_at` datetime, `updated_at` datetime) ENGINE=InnoDB[0m
  [1m[35mSQL (0.3ms)[0m  SHOW TABLES
  [1m[36mSQL (3.9ms)[0m  [1mCREATE TABLE `texts` (`id` int(11) DEFAULT NULL auto_increment PRIMARY KEY, `str` varchar(255), `created_at` datetime, `updated_at` datetime) ENGINE=InnoDB[0m
  [1m[35mSQL (0.2ms)[0m  SHOW TABLES
  [1m[36mSQL (2.9ms)[0m  [1mCREATE TABLE `schema_migrations` (`version` varchar(255) NOT NULL) ENGINE=InnoDB[0m
  [1m[35mSQL (0.3ms)[0m  SHOW KEYS FROM `schema_migrations`
  [1m[36mSQL (6.0ms)[0m  [1mCREATE UNIQUE INDEX `unique_schema_migrations` ON `schema_migrations` (`version`)[0m
  [1m[35mSQL (0.3ms)[0m  SHOW TABLES
  [1m[36mSQL (0.2ms)[0m  [1mSELECT version FROM `schema_migrations`[0m
  [1m[35mSQL (0.5ms)[0m  INSERT INTO `schema_migrations` (version) VALUES ('20110902131948')
  [1m[36mSQL (0.4ms)[0m  [1mINSERT INTO `schema_migrations` (version) VALUES ('20110902131437')[0m
  [1m[35mSQL (0.6ms)[0m  INSERT INTO `schema_migrations` (version) VALUES ('20110901134435')
  [1m[36mSQL (0.6ms)[0m  [1mSHOW TABLES[0m
  [1m[35mSQL (0.2ms)[0m  SHOW TABLES
  [1m[36mSQL (0.1ms)[0m  [1mSELECT `schema_migrations`.`version` FROM `schema_migrations`[0m
  [1m[35mSQL (6.2ms)[0m  DROP DATABASE IF EXISTS `hwt_test`
  [1m[36mSQL (0.3ms)[0m  [1mCREATE DATABASE `hwt_test` DEFAULT CHARACTER SET `utf8`[0m
  [1m[35mSQL (0.3ms)[0m  SHOW TABLES
  [1m[36mSQL (39.6ms)[0m  [1mCREATE TABLE `my_test_scaffolds` (`id` int(11) DEFAULT NULL auto_increment PRIMARY KEY, `title` varchar(255), `description` text, `image_url` varchar(255), `price` decimal(8,2), `created_at` datetime, `updated_at` datetime) ENGINE=InnoDB[0m
  [1m[35mSQL (0.5ms)[0m  SHOW TABLES
  [1m[36mSQL (5.8ms)[0m  [1mCREATE TABLE `texts` (`id` int(11) DEFAULT NULL auto_increment PRIMARY KEY, `str` varchar(255), `created_at` datetime, `updated_at` datetime) ENGINE=InnoDB[0m
  [1m[35mSQL (0.7ms)[0m  SHOW TABLES
  [1m[36mSQL (5.0ms)[0m  [1mCREATE TABLE `schema_migrations` (`version` varchar(255) NOT NULL) ENGINE=InnoDB[0m
  [1m[35mSQL (0.8ms)[0m  SHOW KEYS FROM `schema_migrations`
  [1m[36mSQL (12.1ms)[0m  [1mCREATE UNIQUE INDEX `unique_schema_migrations` ON `schema_migrations` (`version`)[0m
  [1m[35mSQL (0.4ms)[0m  SHOW TABLES
  [1m[36mSQL (0.3ms)[0m  [1mSELECT version FROM `schema_migrations`[0m
  [1m[35mSQL (0.6ms)[0m  INSERT INTO `schema_migrations` (version) VALUES ('20110902131948')
  [1m[36mSQL (0.5ms)[0m  [1mINSERT INTO `schema_migrations` (version) VALUES ('20110902131437')[0m
  [1m[35mSQL (0.5ms)[0m  INSERT INTO `schema_migrations` (version) VALUES ('20110901134435')
  [1m[36mSQL (0.7ms)[0m  [1mSHOW TABLES[0m
  [1m[35mSQL (0.3ms)[0m  SHOW TABLES
  [1m[36mSQL (0.2ms)[0m  [1mSELECT `schema_migrations`.`version` FROM `schema_migrations`[0m
  [1m[35mSQL (5.7ms)[0m  DROP DATABASE IF EXISTS `hwt_test`
  [1m[36mSQL (0.2ms)[0m  [1mCREATE DATABASE `hwt_test` DEFAULT CHARACTER SET `utf8`[0m
  [1m[35mSQL (0.3ms)[0m  SHOW TABLES
  [1m[36mSQL (48.4ms)[0m  [1mCREATE TABLE `my_test_scaffolds` (`id` int(11) DEFAULT NULL auto_increment PRIMARY KEY, `title` varchar(255), `description` text, `image_url` varchar(255), `price` decimal(8,2), `created_at` datetime, `updated_at` datetime) ENGINE=InnoDB[0m
  [1m[35mSQL (0.5ms)[0m  SHOW TABLES
  [1m[36mSQL (4.5ms)[0m  [1mCREATE TABLE `texts` (`id` int(11) DEFAULT NULL auto_increment PRIMARY KEY, `str` varchar(255), `created_at` datetime, `updated_at` datetime) ENGINE=InnoDB[0m
  [1m[35mSQL (0.4ms)[0m  SHOW TABLES
  [1m[36mSQL (3.9ms)[0m  [1mCREATE TABLE `schema_migrations` (`version` varchar(255) NOT NULL) ENGINE=InnoDB[0m
  [1m[35mSQL (0.6ms)[0m  SHOW KEYS FROM `schema_migrations`
  [1m[36mSQL (31.0ms)[0m  [1mCREATE UNIQUE INDEX `unique_schema_migrations` ON `schema_migrations` (`version`)[0m
  [1m[35mSQL (0.6ms)[0m  SHOW TABLES
  [1m[36mSQL (0.6ms)[0m  [1mSELECT version FROM `schema_migrations`[0m
  [1m[35mSQL (0.9ms)[0m  INSERT INTO `schema_migrations` (version) VALUES ('20110902131948')
  [1m[36mSQL (0.7ms)[0m  [1mINSERT INTO `schema_migrations` (version) VALUES ('20110902131437')[0m
  [1m[35mSQL (0.8ms)[0m  INSERT INTO `schema_migrations` (version) VALUES ('20110901134435')
  [1m[36mSQL (0.5ms)[0m  [1mSHOW TABLES[0m
  [1m[35mSQL (0.3ms)[0m  SHOW TABLES
  [1m[36mSQL (0.2ms)[0m  [1mSELECT `schema_migrations`.`version` FROM `schema_migrations`[0m
  [1m[35mSQL (5.8ms)[0m  DROP DATABASE IF EXISTS `hwt_test`
  [1m[36mSQL (0.3ms)[0m  [1mCREATE DATABASE `hwt_test` DEFAULT CHARACTER SET `utf8`[0m
  [1m[35mSQL (0.3ms)[0m  SHOW TABLES
  [1m[36mSQL (5.9ms)[0m  [1mCREATE TABLE `my_test_scaffolds` (`id` int(11) DEFAULT NULL auto_increment PRIMARY KEY, `title` varchar(255), `description` text, `image_url` varchar(255), `price` decimal(8,2), `created_at` datetime, `updated_at` datetime) ENGINE=InnoDB[0m
  [1m[35mSQL (0.3ms)[0m  SHOW TABLES
  [1m[36mSQL (4.6ms)[0m  [1mCREATE TABLE `texts` (`id` int(11) DEFAULT NULL auto_increment PRIMARY KEY, `str` varchar(255), `created_at` datetime, `updated_at` datetime) ENGINE=InnoDB[0m
  [1m[35mSQL (0.3ms)[0m  SHOW TABLES
  [1m[36mSQL (3.0ms)[0m  [1mCREATE TABLE `schema_migrations` (`version` varchar(255) NOT NULL) ENGINE=InnoDB[0m
  [1m[35mSQL (0.4ms)[0m  SHOW KEYS FROM `schema_migrations`
  [1m[36mSQL (5.6ms)[0m  [1mCREATE UNIQUE INDEX `unique_schema_migrations` ON `schema_migrations` (`version`)[0m
  [1m[35mSQL (0.4ms)[0m  SHOW TABLES
  [1m[36mSQL (0.4ms)[0m  [1mSELECT version FROM `schema_migrations`[0m
  [1m[35mSQL (0.6ms)[0m  INSERT INTO `schema_migrations` (version) VALUES ('20110902131948')
  [1m[36mSQL (0.6ms)[0m  [1mINSERT INTO `schema_migrations` (version) VALUES ('20110902131437')[0m
  [1m[35mSQL (0.5ms)[0m  INSERT INTO `schema_migrations` (version) VALUES ('20110901134435')
  [1m[36mSQL (0.7ms)[0m  [1mSHOW TABLES[0m
  [1m[35mSQL (0.4ms)[0m  SHOW TABLES
  [1m[36mSQL (0.3ms)[0m  [1mSELECT `schema_migrations`.`version` FROM `schema_migrations`[0m
  [1m[35mSQL (51.7ms)[0m  DROP DATABASE IF EXISTS `hwt_test`
  [1m[36mSQL (0.4ms)[0m  [1mCREATE DATABASE `hwt_test` DEFAULT CHARACTER SET `utf8`[0m
  [1m[35mSQL (0.5ms)[0m  SHOW TABLES
  [1m[36mSQL (15.4ms)[0m  [1mCREATE TABLE `my_test_scaffolds` (`id` int(11) DEFAULT NULL auto_increment PRIMARY KEY, `title` varchar(255), `description` text, `image_url` varchar(255), `price` decimal(8,2), `created_at` datetime, `updated_at` datetime) ENGINE=InnoDB[0m
  [1m[35mSQL (0.5ms)[0m  SHOW TABLES
  [1m[36mSQL (4.5ms)[0m  [1mCREATE TABLE `texts` (`id` int(11) DEFAULT NULL auto_increment PRIMARY KEY, `str` varchar(255), `created_at` datetime, `updated_at` datetime) ENGINE=InnoDB[0m
  [1m[35mSQL (0.6ms)[0m  SHOW TABLES
  [1m[36mSQL (4.1ms)[0m  [1mCREATE TABLE `schema_migrations` (`version` varchar(255) NOT NULL) ENGINE=InnoDB[0m
  [1m[35mSQL (0.6ms)[0m  SHOW KEYS FROM `schema_migrations`
  [1m[36mSQL (7.2ms)[0m  [1mCREATE UNIQUE INDEX `unique_schema_migrations` ON `schema_migrations` (`version`)[0m
  [1m[35mSQL (0.5ms)[0m  SHOW TABLES
  [1m[36mSQL (0.5ms)[0m  [1mSELECT version FROM `schema_migrations`[0m
  [1m[35mSQL (1.1ms)[0m  INSERT INTO `schema_migrations` (version) VALUES ('20110902131948')
  [1m[36mSQL (0.7ms)[0m  [1mINSERT INTO `schema_migrations` (version) VALUES ('20110902131437')[0m
  [1m[35mSQL (0.7ms)[0m  INSERT INTO `schema_migrations` (version) VALUES ('20110901134435')
  [1m[36mSQL (15.0ms)[0m  [1mSHOW TABLES[0m
  [1m[35mSQL (0.3ms)[0m  SHOW TABLES
  [1m[36mSQL (0.3ms)[0m  [1mSELECT `schema_migrations`.`version` FROM `schema_migrations`[0m
  [1m[35mSQL (26.7ms)[0m  DROP DATABASE IF EXISTS `hwt_test`
  [1m[36mSQL (0.3ms)[0m  [1mCREATE DATABASE `hwt_test` DEFAULT CHARACTER SET `utf8`[0m
  [1m[35mSQL (0.3ms)[0m  SHOW TABLES
  [1m[36mSQL (69.8ms)[0m  [1mCREATE TABLE `my_test_scaffolds` (`id` int(11) DEFAULT NULL auto_increment PRIMARY KEY, `title` varchar(255), `description` text, `image_url` varchar(255), `price` decimal(8,2), `created_at` datetime, `updated_at` datetime) ENGINE=InnoDB[0m
  [1m[35mSQL (0.5ms)[0m  SHOW TABLES
  [1m[36mSQL (4.6ms)[0m  [1mCREATE TABLE `texts` (`id` int(11) DEFAULT NULL auto_increment PRIMARY KEY, `str` varchar(255), `created_at` datetime, `updated_at` datetime) ENGINE=InnoDB[0m
  [1m[35mSQL (0.5ms)[0m  SHOW TABLES
  [1m[36mSQL (4.3ms)[0m  [1mCREATE TABLE `schema_migrations` (`version` varchar(255) NOT NULL) ENGINE=InnoDB[0m
  [1m[35mSQL (0.6ms)[0m  SHOW KEYS FROM `schema_migrations`
  [1m[36mSQL (63.5ms)[0m  [1mCREATE UNIQUE INDEX `unique_schema_migrations` ON `schema_migrations` (`version`)[0m
  [1m[35mSQL (0.6ms)[0m  SHOW TABLES
  [1m[36mSQL (0.6ms)[0m  [1mSELECT version FROM `schema_migrations`[0m
  [1m[35mSQL (0.8ms)[0m  INSERT INTO `schema_migrations` (version) VALUES ('20110902131948')
  [1m[36mSQL (0.7ms)[0m  [1mINSERT INTO `schema_migrations` (version) VALUES ('20110902131437')[0m
  [1m[35mSQL (0.7ms)[0m  INSERT INTO `schema_migrations` (version) VALUES ('20110901134435')
  [1m[36mSQL (0.4ms)[0m  [1mSHOW TABLES[0m
  [1m[35mSQL (0.2ms)[0m  SHOW TABLES
  [1m[36mSQL (0.2ms)[0m  [1mSELECT `schema_migrations`.`version` FROM `schema_migrations`[0m
  [1m[35mSQL (7.3ms)[0m  DROP DATABASE IF EXISTS `hwt_test`
  [1m[36mSQL (0.2ms)[0m  [1mCREATE DATABASE `hwt_test` DEFAULT CHARACTER SET `utf8`[0m
  [1m[35mSQL (0.2ms)[0m  SHOW TABLES
  [1m[36mSQL (8.5ms)[0m  [1mCREATE TABLE `my_test_scaffolds` (`id` int(11) DEFAULT NULL auto_increment PRIMARY KEY, `title` varchar(255), `description` text, `image_url` varchar(255), `price` decimal(8,2), `created_at` datetime, `updated_at` datetime) ENGINE=InnoDB[0m
  [1m[35mSQL (0.3ms)[0m  SHOW TABLES
  [1m[36mSQL (3.3ms)[0m  [1mCREATE TABLE `texts` (`id` int(11) DEFAULT NULL auto_increment PRIMARY KEY, `str` varchar(255), `created_at` datetime, `updated_at` datetime) ENGINE=InnoDB[0m
  [1m[35mSQL (0.3ms)[0m  SHOW TABLES
  [1m[36mSQL (3.0ms)[0m  [1mCREATE TABLE `schema_migrations` (`version` varchar(255) NOT NULL) ENGINE=InnoDB[0m
  [1m[35mSQL (0.3ms)[0m  SHOW KEYS FROM `schema_migrations`
  [1m[36mSQL (69.0ms)[0m  [1mCREATE UNIQUE INDEX `unique_schema_migrations` ON `schema_migrations` (`version`)[0m
  [1m[35mSQL (0.5ms)[0m  SHOW TABLES
  [1m[36mSQL (0.6ms)[0m  [1mSELECT version FROM `schema_migrations`[0m
  [1m[35mSQL (0.8ms)[0m  INSERT INTO `schema_migrations` (version) VALUES ('20110902131948')
  [1m[36mSQL (0.7ms)[0m  [1mINSERT INTO `schema_migrations` (version) VALUES ('20110902131437')[0m
  [1m[35mSQL (0.7ms)[0m  INSERT INTO `schema_migrations` (version) VALUES ('20110901134435')
